[
    {
        "specs": {
            "original": "arborx@1.2%gcc@11.2.0~cuda~ipo+mpi~openmp~rocm+serial~sycl~trilinos build_type=RelWithDebInfo arch=linux-ubuntu22.04-x86_64_v4 ^autoconf@2.71%gcc@11.2.0 arch=linux-ubuntu22.04-x86_64_v4 ^automake@1.16.5%gcc@11.2.0 arch=linux-ubuntu22.04-x86_64_v4 ^berkeley-db@18.1.40%gcc@11.2.0+cxx~docs+stl patches=b231fcc arch=linux-ubuntu22.04-x86_64_v4 ^bison@3.8.2%gcc@11.2.0 arch=linux-ubuntu22.04-x86_64_v4 ^bzip2@1.0.8%gcc@11.2.0~debug~pic+shared arch=linux-ubuntu22.04-x86_64_v4 ^ca-certificates-mozilla@2022-03-29%gcc@11.2.0 arch=linux-ubuntu22.04-x86_64_v4 ^cmake@3.23.2%gcc@11.2.0~doc+ncurses+ownlibs~qt build_type=Release arch=linux-ubuntu22.04-x86_64_v4 ^diffutils@3.8%gcc@11.2.0 arch=linux-ubuntu22.04-x86_64_v4 ^gdbm@1.19%gcc@11.2.0 arch=linux-ubuntu22.04-x86_64_v4 ^gettext@0.21%gcc@11.2.0+bzip2+curses+git~libunistring+libxml2+tar+xz arch=linux-ubuntu22.04-x86_64_v4 ^hwloc@2.7.1%gcc@11.2.0~cairo~cuda~gl~libudev+libxml2~netloc~nvml~oneapi-level-zero~opencl+pci~rocm+shared arch=linux-ubuntu22.04-x86_64_v4 ^kokkos@3.6.01%gcc@11.2.0~aggressive_vectorization~compiler_warnings~cuda~cuda_constexpr~cuda_lambda~cuda_ldg_intrinsic~cuda_relocatable_device_code~cuda_uvm~debug~debug_bounds_check~debug_dualview_modify_check~deprecated_code~examples~explicit_instantiation~hpx~hpx_async_dispatch~hwloc~ipo~memkind~numactl~openmp~openmptarget~pic+profiling~profiling_load_print~pthread~qthread~rocm+serial+shared~sycl~tests~tuning~wrapper build_type=RelWithDebInfo intel_gpu_arch=none std=14 arch=linux-ubuntu22.04-x86_64_v4 ^krb5@1.19.3%gcc@11.2.0+shared arch=linux-ubuntu22.04-x86_64_v4 ^libedit@3.1-20210216%gcc@11.2.0 arch=linux-ubuntu22.04-x86_64_v4 ^libevent@2.1.12%gcc@11.2.0+openssl arch=linux-ubuntu22.04-x86_64_v4 ^libiconv@1.16%gcc@11.2.0 libs=shared,static arch=linux-ubuntu22.04-x86_64_v4 ^libpciaccess@0.16%gcc@11.2.0 arch=linux-ubuntu22.04-x86_64_v4 ^libsigsegv@2.13%gcc@11.2.0 arch=linux-ubuntu22.04-x86_64_v4 ^libtool@2.4.7%gcc@11.2.0 arch=linux-ubuntu22.04-x86_64_v4 ^libxml2@2.9.13%gcc@11.2.0~python arch=linux-ubuntu22.04-x86_64_v4 ^m4@1.4.19%gcc@11.2.0+sigsegv patches=9dc5fbd,bfdffa7 arch=linux-ubuntu22.04-x86_64_v4 ^ncurses@6.2%gcc@11.2.0~symlinks+termlib abi=none arch=linux-ubuntu22.04-x86_64_v4 ^numactl@2.0.14%gcc@11.2.0 patches=4e1d78c,62fc8a8,ff37630 arch=linux-ubuntu22.04-x86_64_v4 ^openmpi@4.1.4%gcc@11.2.0~atomics~cuda~cxx~cxx_exceptions~gpfs~internal-hwloc~java~legacylaunchers~lustre~memchecker~pmi+romio+rsh~singularity+static+vt+wrapper-rpath fabrics=none schedulers=none arch=linux-ubuntu22.04-x86_64_v4 ^openssh@9.0p1%gcc@11.2.0+gssapi arch=linux-ubuntu22.04-x86_64_v4 ^openssl@1.1.1q%gcc@11.2.0~docs~shared certs=mozilla patches=3fdcf2d arch=linux-ubuntu22.04-x86_64_v4 ^perl@5.34.1%gcc@11.2.0+cpanm+shared+threads arch=linux-ubuntu22.04-x86_64_v4 ^pigz@2.7%gcc@11.2.0 arch=linux-ubuntu22.04-x86_64_v4 ^pkgconf@1.8.0%gcc@11.2.0 arch=linux-ubuntu22.04-x86_64_v4 ^pmix@4.1.2%gcc@11.2.0~docs+pmi_backwards_compatibility~restful arch=linux-ubuntu22.04-x86_64_v4 ^readline@8.1.2%gcc@11.2.0 arch=linux-ubuntu22.04-x86_64_v4 ^tar@1.34%gcc@11.2.0 zip=pigz arch=linux-ubuntu22.04-x86_64_v4 ^util-macros@1.19.3%gcc@11.2.0 arch=linux-ubuntu22.04-x86_64_v4 ^xz@5.2.5%gcc@11.2.0~pic libs=shared,static arch=linux-ubuntu22.04-x86_64_v4 ^zlib@1.2.12%gcc@11.2.0+optimize+pic+shared patches=0d38234 arch=linux-ubuntu22.04-x86_64_v4 ^zstd@1.5.2%gcc@11.2.0+programs compression=none libs=shared,static arch=linux-ubuntu22.04-x86_64_v4",
            "spliced": "arborx@1.2%gcc@11.2.0~cuda~ipo+mpi~openmp~rocm+serial~sycl~trilinos build_type=RelWithDebInfo arch=linux-ubuntu22.04-x86_64_v4 ^autoconf@2.71%gcc@11.2.0 arch=linux-ubuntu22.04-x86_64_v4 ^automake@1.16.5%gcc@11.2.0 arch=linux-ubuntu22.04-x86_64_v4 ^berkeley-db@18.1.40%gcc@11.2.0+cxx~docs+stl patches=b231fcc arch=linux-ubuntu22.04-x86_64_v4 ^bison@3.8.2%gcc@11.2.0 arch=linux-ubuntu22.04-x86_64_v4 ^bzip2@1.0.8%gcc@11.2.0~debug~pic+shared arch=linux-ubuntu22.04-x86_64_v4 ^ca-certificates-mozilla@2022-03-29%gcc@11.2.0 arch=linux-ubuntu22.04-x86_64_v4 ^cmake@3.23.2%gcc@11.2.0~doc+ncurses+ownlibs~qt build_type=Release arch=linux-ubuntu22.04-x86_64_v4 ^diffutils@3.8%gcc@11.2.0 arch=linux-ubuntu22.04-x86_64_v4 ^gdbm@1.19%gcc@11.2.0 arch=linux-ubuntu22.04-x86_64_v4 ^gettext@0.21%gcc@11.2.0+bzip2+curses+git~libunistring+libxml2+tar+xz arch=linux-ubuntu22.04-x86_64_v4 ^hwloc@2.7.1%gcc@11.2.0~cairo~cuda~gl~libudev+libxml2~netloc~nvml~oneapi-level-zero~opencl+pci~rocm+shared arch=linux-ubuntu22.04-x86_64_v4 ^kokkos@3.2.01%gcc@11.2.0~aggressive_vectorization~compiler_warnings~cuda~cuda_constexpr~cuda_lambda~cuda_ldg_intrinsic~cuda_relocatable_device_code~cuda_uvm~debug~debug_bounds_check~debug_dualview_modify_check~deprecated_code~examples~explicit_instantiation~hpx~hpx_async_dispatch~hwloc~ipo~memkind~numactl~openmp~openmptarget~pic+profiling~profiling_load_print~pthread~qthread~rocm+serial+shared~sycl~tests~tuning~wrapper build_type=RelWithDebInfo intel_gpu_arch=none std=14 arch=linux-ubuntu22.04-x86_64_v4 ^krb5@1.19.3%gcc@11.2.0+shared arch=linux-ubuntu22.04-x86_64_v4 ^libedit@3.1-20210216%gcc@11.2.0 arch=linux-ubuntu22.04-x86_64_v4 ^libevent@2.1.12%gcc@11.2.0+openssl arch=linux-ubuntu22.04-x86_64_v4 ^libiconv@1.16%gcc@11.2.0 libs=shared,static arch=linux-ubuntu22.04-x86_64_v4 ^libpciaccess@0.16%gcc@11.2.0 arch=linux-ubuntu22.04-x86_64_v4 ^libsigsegv@2.13%gcc@11.2.0 arch=linux-ubuntu22.04-x86_64_v4 ^libtool@2.4.7%gcc@11.2.0 arch=linux-ubuntu22.04-x86_64_v4 ^libxml2@2.9.13%gcc@11.2.0~python arch=linux-ubuntu22.04-x86_64_v4 ^m4@1.4.19%gcc@11.2.0+sigsegv patches=9dc5fbd,bfdffa7 arch=linux-ubuntu22.04-x86_64_v4 ^ncurses@6.2%gcc@11.2.0~symlinks+termlib abi=none arch=linux-ubuntu22.04-x86_64_v4 ^numactl@2.0.14%gcc@11.2.0 patches=4e1d78c,62fc8a8,ff37630 arch=linux-ubuntu22.04-x86_64_v4 ^openmpi@4.1.4%gcc@11.2.0~atomics~cuda~cxx~cxx_exceptions~gpfs~internal-hwloc~java~legacylaunchers~lustre~memchecker~pmi+romio+rsh~singularity+static+vt+wrapper-rpath fabrics=none schedulers=none arch=linux-ubuntu22.04-x86_64_v4 ^openssh@9.0p1%gcc@11.2.0+gssapi arch=linux-ubuntu22.04-x86_64_v4 ^openssl@1.1.1q%gcc@11.2.0~docs~shared certs=mozilla patches=3fdcf2d arch=linux-ubuntu22.04-x86_64_v4 ^perl@5.34.1%gcc@11.2.0+cpanm+shared+threads arch=linux-ubuntu22.04-x86_64_v4 ^pigz@2.7%gcc@11.2.0 arch=linux-ubuntu22.04-x86_64_v4 ^pkgconf@1.8.0%gcc@11.2.0 arch=linux-ubuntu22.04-x86_64_v4 ^pmix@4.1.2%gcc@11.2.0~docs+pmi_backwards_compatibility~restful arch=linux-ubuntu22.04-x86_64_v4 ^readline@8.1.2%gcc@11.2.0 arch=linux-ubuntu22.04-x86_64_v4 ^tar@1.34%gcc@11.2.0 zip=pigz arch=linux-ubuntu22.04-x86_64_v4 ^util-macros@1.19.3%gcc@11.2.0 arch=linux-ubuntu22.04-x86_64_v4 ^xz@5.2.5%gcc@11.2.0~pic libs=shared,static arch=linux-ubuntu22.04-x86_64_v4 ^zlib@1.2.12%gcc@11.2.0+optimize+pic+shared patches=0d38234 arch=linux-ubuntu22.04-x86_64_v4 ^zstd@1.5.2%gcc@11.2.0+programs compression=none libs=shared,static arch=linux-ubuntu22.04-x86_64_v4"
        },
        "ids": {
            "original": "/t7r4wm",
            "spliced": "/sqpug5"
        },
        "original": [],
        "spliced": [],
        "paths": {
            "loads": {
                "original": [
                    "/spack/opt/spack/linux-ubuntu22.04-x86_64_v4/gcc-11.2.0/krb5-1.19.3-o4cbclqniyimq3mxyskzzatw23so3wr4/lib",
                    "/spack/opt/spack/linux-ubuntu22.04-x86_64_v4/gcc-11.2.0/berkeley-db-18.1.40-rghamddf2h2qmwxqzl66qzbjjtvkky5u/lib",
                    "/spack/opt/spack/linux-ubuntu22.04-x86_64_v4/gcc-11.2.0/ncurses-6.2-ncnrv2p753lgdghoapjrjpryk2ogkct3/lib",
                    "/spack/opt/spack/linux-ubuntu22.04-x86_64_v4/gcc-11.2.0/zstd-1.5.2-3v57d7icvaltd3myvdxqwpfhabte7jnm/lib",
                    "/spack/opt/spack/linux-ubuntu22.04-x86_64_v4/gcc-11.2.0/libiconv-1.16-spihuvccgglc2kwv6l6ig75vo74qr742/lib",
                    "/spack/opt/spack/linux-ubuntu22.04-x86_64_v4/gcc-11.2.0/numactl-2.0.14-v2sxxwaskjqjm5nl4dt3vptfg2k2t4vy/lib",
                    "/spack/opt/spack/linux-ubuntu22.04-x86_64_v4/gcc-11.2.0/libedit-3.1-20210216-5m5i5mw2asyyo3k5bvpfetwbgoot67md/lib",
                    "/spack/opt/spack/linux-ubuntu22.04-x86_64_v4/gcc-11.2.0/libxml2-2.9.13-aibkq4n2tg367zub2obvmcghgrm6hvm7/lib",
                    "/spack/opt/spack/linux-ubuntu22.04-x86_64_v4/gcc-11.2.0/openssl-1.1.1q-q5lvo4oel6bposdvpn5sh4cnxcyuv63j/lib",
                    "/spack/opt/spack/linux-ubuntu22.04-x86_64_v4/gcc-11.2.0/perl-5.34.1-lnvbwv4yorlcyq5oq73hlthgaaauofxv/lib",
                    "/spack/opt/spack/linux-ubuntu22.04-x86_64_v4/gcc-11.2.0/xz-5.2.5-2emntpn7rbcpn2w6vouqgr2knpyvtkre/lib",
                    "/spack/opt/spack/linux-ubuntu22.04-x86_64_v4/gcc-11.2.0/libpciaccess-0.16-ewqznklrezou3pet3glusjs3tkkvc2nh/lib",
                    "/spack/opt/spack/linux-ubuntu22.04-x86_64_v4/gcc-11.2.0/libevent-2.1.12-bkp3hlryxfayyu7gckztfae7iaede37k/lib",
                    "/spack/opt/spack/linux-ubuntu22.04-x86_64_v4/gcc-11.2.0/hwloc-2.7.1-h6lsolfjhr7mcyh4ivltbyc7i5cfolqs/lib",
                    "/spack/opt/spack/linux-ubuntu22.04-x86_64_v4/gcc-11.2.0/gdbm-1.19-6oga5z7ci5jruupmirux4neifsyblyfz/lib",
                    "/spack/opt/spack/linux-ubuntu22.04-x86_64_v4/gcc-11.2.0/libtool-2.4.7-wiaidgsqbqofkcpwnzweqajx4qevtgs4/lib",
                    "/spack/opt/spack/linux-ubuntu22.04-x86_64_v4/gcc-11.2.0/openmpi-4.1.4-j42gd7rxje3nbc3niuw6pa3rd4flosht/lib",
                    "/spack/opt/spack/linux-ubuntu22.04-x86_64_v4/gcc-11.2.0/bzip2-1.0.8-fh7xswtqghrdaobdrrrohk5nr2iomteu/lib",
                    "/spack/opt/spack/linux-ubuntu22.04-x86_64_v4/gcc-11.2.0/readline-8.1.2-g3ekkwokhxgude2tvtgxnidmyn4ylloq/lib",
                    "/spack/opt/spack/linux-ubuntu22.04-x86_64_v4/gcc-11.2.0/bison-3.8.2-mmry25vmqygvpksldnwbqkkvd34z43gt/lib",
                    "/spack/opt/spack/linux-ubuntu22.04-x86_64_v4/gcc-11.2.0/libsigsegv-2.13-n3bp3wwtgw7y2klh3f7aajspvv2neeb6/lib",
                    "/spack/opt/spack/linux-ubuntu22.04-x86_64_v4/gcc-11.2.0/kokkos-3.6.01-hyt3evnyvrlwmgywjs3irpde5zll4evl/lib",
                    "/spack/opt/spack/linux-ubuntu22.04-x86_64_v4/gcc-11.2.0/pmix-4.1.2-6pjyx3i4jcgoo3d25ah6nvqb2o7l7khr/lib",
                    "/spack/opt/spack/linux-ubuntu22.04-x86_64_v4/gcc-11.2.0/pkgconf-1.8.0-f7tw6htx3e7byzstxk6tf5nsthuax6qg/lib",
                    "/spack/opt/spack/linux-ubuntu22.04-x86_64_v4/gcc-11.2.0/gettext-0.21-s34rccrsz36hgcyxpn6rzldnxrqsrymv/lib",
                    "/spack/opt/spack/linux-ubuntu22.04-x86_64_v4/gcc-11.2.0/zlib-1.2.12-luwgiwun44dt7hmxv4ki6xjnxyucze7f/lib",
                    "/spack/opt/spack/linux-ubuntu22.04-x86_64_v4/gcc-11.2.0/arborx-1.2-t7r4wmqe3dnodinznxizanvq2xqfpxfk/lib"
                ],
                "spliced": [
                    "/spack/opt/spack/linux-ubuntu22.04-x86_64_v4/gcc-11.2.0/berkeley-db-18.1.40-rghamddf2h2qmwxqzl66qzbjjtvkky5u/lib",
                    "/spack/opt/spack/linux-ubuntu22.04-x86_64_v4/gcc-11.2.0/ncurses-6.2-ncnrv2p753lgdghoapjrjpryk2ogkct3/lib",
                    "/spack/opt/spack/linux-ubuntu22.04-x86_64_v4/gcc-11.2.0/libtool-2.4.7-6pre62mxj45iw4dnoho23smsp7663ry5/lib",
                    "/spack/opt/spack/linux-ubuntu22.04-x86_64_v4/gcc-11.2.0/zstd-1.5.2-3v57d7icvaltd3myvdxqwpfhabte7jnm/lib",
                    "/spack/opt/spack/linux-ubuntu22.04-x86_64_v4/gcc-11.2.0/libiconv-1.16-spihuvccgglc2kwv6l6ig75vo74qr742/lib",
                    "/spack/opt/spack/linux-ubuntu22.04-x86_64_v4/gcc-11.2.0/openmpi-4.1.4-gz542pewivxumo6kh66dkev2srj4675z/lib",
                    "/spack/opt/spack/linux-ubuntu22.04-x86_64_v4/gcc-11.2.0/numactl-2.0.14-f5at5be2g3wyhnmwsm7rwn3nr6nx6dvw/lib",
                    "/spack/opt/spack/linux-ubuntu22.04-x86_64_v4/gcc-11.2.0/openssl-1.1.1q-q5lvo4oel6bposdvpn5sh4cnxcyuv63j/lib",
                    "/spack/opt/spack/linux-ubuntu22.04-x86_64_v4/gcc-11.2.0/arborx-1.2-sqpug5pcndlbzhlqbd3diiaioos2kk3e/lib",
                    "/spack/opt/spack/linux-ubuntu22.04-x86_64_v4/gcc-11.2.0/perl-5.34.1-lnvbwv4yorlcyq5oq73hlthgaaauofxv/lib",
                    "/spack/opt/spack/linux-ubuntu22.04-x86_64_v4/gcc-11.2.0/xz-5.2.5-2emntpn7rbcpn2w6vouqgr2knpyvtkre/lib",
                    "/spack/opt/spack/linux-ubuntu22.04-x86_64_v4/gcc-11.2.0/gdbm-1.19-6oga5z7ci5jruupmirux4neifsyblyfz/lib",
                    "/spack/opt/spack/linux-ubuntu22.04-x86_64_v4/gcc-11.2.0/bzip2-1.0.8-fh7xswtqghrdaobdrrrohk5nr2iomteu/lib",
                    "/spack/opt/spack/linux-ubuntu22.04-x86_64_v4/gcc-11.2.0/libxml2-2.9.13-t2cqzgkmecdsfppdno3grx3af4vxy2zo/lib",
                    "/spack/opt/spack/linux-ubuntu22.04-x86_64_v4/gcc-11.2.0/hwloc-2.7.1-kadduktnplg5zau5tglovhlz7msvvyst/lib",
                    "/spack/opt/spack/linux-ubuntu22.04-x86_64_v4/gcc-11.2.0/gettext-0.21-vr5smxmilqsws5ylp6zccby2olxujo4l/lib",
                    "/spack/opt/spack/linux-ubuntu22.04-x86_64_v4/gcc-11.2.0/readline-8.1.2-g3ekkwokhxgude2tvtgxnidmyn4ylloq/lib",
                    "/spack/opt/spack/linux-ubuntu22.04-x86_64_v4/gcc-11.2.0/bison-3.8.2-iuqwa4jtquymxdokamdmkgnckj5ib2y2/lib",
                    "/spack/opt/spack/linux-ubuntu22.04-x86_64_v4/gcc-11.2.0/libsigsegv-2.13-n3bp3wwtgw7y2klh3f7aajspvv2neeb6/lib",
                    "/spack/opt/spack/linux-ubuntu22.04-x86_64_v4/gcc-11.2.0/libedit-3.1-20210216-e6pio7jtvur4r7do7mbqtc5vxj745gkn/lib",
                    "/spack/opt/spack/linux-ubuntu22.04-x86_64_v4/gcc-11.2.0/libevent-2.1.12-q2h22ji337wxgjtxozb4fhwjvy42pvxp/lib",
                    "/spack/opt/spack/linux-ubuntu22.04-x86_64_v4/gcc-11.2.0/kokkos-3.2.01-rb3p5leb3t5tipa2zsoxzj6lgbrenmo6/lib",
                    "/spack/opt/spack/linux-ubuntu22.04-x86_64_v4/gcc-11.2.0/pmix-4.1.2-42tpo5vci7gk6hdkjgk7pqjzkrgmpy7t/lib",
                    "/spack/opt/spack/linux-ubuntu22.04-x86_64_v4/gcc-11.2.0/pkgconf-1.8.0-f7tw6htx3e7byzstxk6tf5nsthuax6qg/lib",
                    "/spack/opt/spack/linux-ubuntu22.04-x86_64_v4/gcc-11.2.0/krb5-1.19.3-r5ikhpexnfh2i656ihynaeiwvouhsghf/lib",
                    "/spack/opt/spack/linux-ubuntu22.04-x86_64_v4/gcc-11.2.0/libpciaccess-0.16-qu5qqvl3enimxln6pwet4gt5ga5qafe3/lib",
                    "/spack/opt/spack/linux-ubuntu22.04-x86_64_v4/gcc-11.2.0/zlib-1.2.12-luwgiwun44dt7hmxv4ki6xjnxyucze7f/lib"
                ]
            }
        },
        "predictions": {
            "spack-test": {
                "original": {
                    "message": "==> Spack test cdefmkpcwbzrr446dn6d4xyujaqjpuq5\n==> Testing package arborx-1.2-t7r4wmq\n============================= 1 passed of 1 specs ==============================\n",
                    "return_code": 0,
                    "seconds": 24.063573122024536,
                    "prediction": true,
                    "command": "/spack/bin/spack test run /t7r4wm"
                },
                "spliced": {
                    "message": "==> Spack test 6uciecug5gs2345sdq4qtkxny4y6bufh\n==> Testing package arborx-1.2-sqpug5p\n==> Error: TestFailure: 2 tests failed.\n\n\nCommand exited with status 2:\n    '/usr/bin/make'\n[ 12%] Building CXX object access_traits/CMakeFiles/ArborX_HostAccessTraits.exe.dir/example_host_access_traits.cpp.o\nIn file included from /spack/opt/spack/linux-ubuntu22.04-x86_64_v4/gcc-11.2.0/arborx-1.2-sqpug5pcndlbzhlqbd3diiaioos2kk3e/include/details/ArborX_DetailsAlgorithms.hpp:16,\n                 from /spack/opt/spack/linux-ubuntu22.04-x86_64_v4/gcc-11.2.0/arborx-1.2-sqpug5pcndlbzhlqbd3diiaioos2kk3e/include/details/ArborX_Predicates.hpp:14,\n                 from /spack/opt/spack/linux-ubuntu22.04-x86_64_v4/gcc-11.2.0/arborx-1.2-sqpug5pcndlbzhlqbd3diiaioos2kk3e/include/details/ArborX_AccessTraits.hpp:18,\n                 from /spack/opt/spack/linux-ubuntu22.04-x86_64_v4/gcc-11.2.0/arborx-1.2-sqpug5pcndlbzhlqbd3diiaioos2kk3e/include/ArborX_LinearBVH.hpp:15,\n                 from /spack/opt/spack/linux-ubuntu22.04-x86_64_v4/gcc-11.2.0/arborx-1.2-sqpug5pcndlbzhlqbd3diiaioos2kk3e/include/details/ArborX_DetailsDistributedTreeImpl.hpp:22,\n                 from /spack/opt/spack/linux-ubuntu22.04-x86_64_v4/gcc-11.2.0/arborx-1.2-sqpug5pcndlbzhlqbd3diiaioos2kk3e/include/ArborX_DistributedTree.hpp:16,\n                 from /spack/opt/spack/linux-ubuntu22.04-x86_64_v4/gcc-11.2.0/arborx-1.2-sqpug5pcndlbzhlqbd3diiaioos2kk3e/include/ArborX.hpp:19,\n                 from /cache/spack/test/6uciecug5gs2345sdq4qtkxny4y6bufh/arborx-1.2-sqpug5p/cache/arborx/examples/access_traits/example_host_access_traits.cpp:12:\n/spack/opt/spack/linux-ubuntu22.04-x86_64_v4/gcc-11.2.0/arborx-1.2-sqpug5pcndlbzhlqbd3diiaioos2kk3e/include/details/ArborX_DetailsKokkosExtMathFunctions.hpp:15:10: fatal error: Kokkos_MathematicalFunctions.hpp: No such file or directory\n   15 | #include <Kokkos_MathematicalFunctions.hpp>\n      |          ^~~~~~~~~~~~~~~~~~~~~~~~~~~~~~~~~~\ncompilation terminated.\nmake[2]: *** [access_traits/CMakeFiles/ArborX_HostAccessTraits.exe.dir/build.make:76: access_traits/CMakeFiles/ArborX_HostAccessTraits.exe.dir/example_host_access_traits.cpp.o] Error 1\nmake[1]: *** [CMakeFiles/Makefile2:152: access_traits/CMakeFiles/ArborX_HostAccessTraits.exe.dir/all] Error 2\nmake: *** [Makefile:101: all] Error 2\n\n\n\n1 error found in test log:\n     47    /spack/opt/spack/linux-ubuntu22.04-x86_64_v4/gcc-11.2.0/arborx-1.2-s\n           qpug5pcndlbzhlqbd3diiaioos2kk3e/include/details/ArborX_DetailsKokkos\n           ExtMathFunctions.hpp:15:10: fatal error: Kokkos_MathematicalFunction\n           s.hpp: No such file or directory\n     48       15 | #include <Kokkos_MathematicalFunctions.hpp>\n     49          |          ^~~~~~~~~~~~~~~~~~~~~~~~~~~~~~~~~~\n     50    compilation terminated.\n     51    make[2]: *** [access_traits/CMakeFiles/ArborX_HostAccessTraits.exe.d\n           ir/build.make:76: access_traits/CMakeFiles/ArborX_HostAccessTraits.e\n           xe.dir/example_host_access_traits.cpp.o] Error 1\n     52    make[1]: *** [CMakeFiles/Makefile2:152: access_traits/CMakeFiles/Arb\n           orX_HostAccessTraits.exe.dir/all] Error 2\n  >> 53    make: *** [Makefile:101: all] Error 2\n     54    \n     55      File \"/spack/bin/spack\", line 98, in <module>\n\n\n\nCommand exited with status 8:\n    '/usr/local/bin/ctest' '-V'\nUpdateCTestConfiguration  from :/cache/spack/test/6uciecug5gs2345sdq4qtkxny4y6bufh/arborx-1.2-sqpug5p/cache/arborx/examples/DartConfiguration.tcl\nUpdateCTestConfiguration  from :/cache/spack/test/6uciecug5gs2345sdq4qtkxny4y6bufh/arborx-1.2-sqpug5p/cache/arborx/examples/DartConfiguration.tcl\nTest project /cache/spack/test/6uciecug5gs2345sdq4qtkxny4y6bufh/arborx-1.2-sqpug5p/cache/arborx/examples\nConstructing a list of tests\nDone constructing a list of tests\nUpdating test list for fixtures\nAdded 0 tests to meet fixture requirements\nChecking test dependency graph...\nChecking test dependency graph end\ntest 1\n    Start 1: ArborX_HostAccessTraits_Example\nCould not find executable ./ArborX_HostAccessTraits.exe\nLooked in the following places:\n./ArborX_HostAccessTraits.exe\n./ArborX_HostAccessTraits.exe\n./Release/ArborX_HostAccessTraits.exe\n./Release/ArborX_HostAccessTraits.exe\n./Debug/ArborX_HostAccessTraits.exe\n./Debug/ArborX_HostAccessTraits.exe\n./MinSizeRel/ArborX_HostAccessTraits.exe\n./MinSizeRel/ArborX_HostAccessTraits.exe\n./RelWithDebInfo/ArborX_HostAccessTraits.exe\n./RelWithDebInfo/ArborX_HostAccessTraits.exe\n./Deployment/ArborX_HostAccessTraits.exe\n./Deployment/ArborX_HostAccessTraits.exe\n./Development/ArborX_HostAccessTraits.exe\n./Development/ArborX_HostAccessTraits.exe\n\n1: Test command: \n1/4 Test #1: ArborX_HostAccessTraits_Example ....***Not Run   0.00 sec\ntest 2\n    Start 2: ArborX_Callback_Example\nCould not find executable ./ArborX_Callback.exe\nLooked in the following places:\n./ArborX_Callback.exe\n./ArborX_Callback.exe\n./Release/ArborX_Callback.exe\n./Release/ArborX_Callback.exe\n./Debug/ArborX_Callback.exe\n./Debug/ArborX_Callback.exe\n./MinSizeRel/ArborX_Callback.exe\n./MinSizeRel/ArborX_Callback.exe\n./RelWithDebInfo/ArborX_Callback.exe\n./RelWithDebInfo/ArborX_Callback.exe\n./Deployment/ArborX_Callback.exe\n./Deployment/ArborX_Callback.exe\n./Development/ArborX_Callback.exe\n./Development/ArborX_Callback.exe\n\n2: Test command: \n2/4 Test #2: ArborX_Callback_Example ............***Not Run   0.00 sec\ntest 3\n    Start 3: ArborX_Intersection_Example\nCould not find executable ./ArborX_Intersection.exe\nLooked in the following places:\n./ArborX_Intersection.exe\n./ArborX_Intersection.exe\n./Release/ArborX_Intersection.exe\n./Release/ArborX_Intersection.exe\n./Debug/ArborX_Intersection.exe\n./Debug/ArborX_Intersection.exe\n./MinSizeRel/ArborX_Intersection.exe\n./MinSizeRel/ArborX_Intersection.exe\n./RelWithDebInfo/ArborX_Intersection.exe\n./RelWithDebInfo/ArborX_Intersection.exe\n./Deployment/ArborX_Intersection.exe\n./Deployment/ArborX_Intersection.exe\n./Development/ArborX_Intersection.exe\n./Development/ArborX_Intersection.exe\n\n3: Test command: \n3/4 Test #3: ArborX_Intersection_Example ........***Not Run   0.00 sec\ntest 4\n    Start 4: ArborX_MolecularDynamics_Example\nCould not find executable ./ArborX_MolecularDynamics.exe\nLooked in the following places:\n./ArborX_MolecularDynamics.exe\n./ArborX_MolecularDynamics.exe\n./Release/ArborX_MolecularDynamics.exe\n./Release/ArborX_MolecularDynamics.exe\n./Debug/ArborX_MolecularDynamics.exe\n./Debug/ArborX_MolecularDynamics.exe\n./MinSizeRel/ArborX_MolecularDynamics.exe\n./MinSizeRel/ArborX_MolecularDynamics.exe\n./RelWithDebInfo/ArborX_MolecularDynamics.exe\n./RelWithDebInfo/ArborX_MolecularDynamics.exe\n./Deployment/ArborX_MolecularDynamics.exe\n./Deployment/ArborX_MolecularDynamics.exe\n./Development/ArborX_MolecularDynamics.exe\n./Development/ArborX_MolecularDynamics.exe\n\n4: Test command: \n4/4 Test #4: ArborX_MolecularDynamics_Example ...***Not Run   0.00 sec\n\n0% tests passed, 4 tests failed out of 4\n\nTotal Test time (real) =   0.00 sec\n\nThe following tests FAILED:\n\t  1 - ArborX_HostAccessTraits_Example (Not Run)\n\t  2 - ArborX_Callback_Example (Not Run)\n\t  3 - ArborX_Intersection_Example (Not Run)\n\t  4 - ArborX_MolecularDynamics_Example (Not Run)\nUnable to find executable: ./ArborX_HostAccessTraits.exe\nUnable to find executable: ./ArborX_Callback.exe\nUnable to find executable: ./ArborX_Intersection.exe\nUnable to find executable: ./ArborX_MolecularDynamics.exe\nErrors while running CTest\nOutput from these tests are in: /cache/spack/test/6uciecug5gs2345sdq4qtkxny4y6bufh/arborx-1.2-sqpug5p/cache/arborx/examples/Testing/Temporary/LastTest.log\nUse \"--rerun-failed --output-on-failure\" to re-run the failed cases verbosely.\n\n\n\n1 error found in test log:\n     203    Unable to find executable: ./ArborX_Callback.exe\n     204    Unable to find executable: ./ArborX_Intersection.exe\n     205    Unable to find executable: ./ArborX_MolecularDynamics.exe\n     206    Errors while running CTest\n     207    Output from these tests are in: /cache/spack/test/6uciecug5gs2345sd\n            q4qtkxny4y6bufh/arborx-1.2-sqpug5p/cache/arborx/examples/Testing/Te\n            mporary/LastTest.log\n     208    Use \"--rerun-failed --output-on-failure\" to re-run the failed cases\n             verbosely.\n  >> 209    FAILED: Command exited with status 8:\n\n\n\n/spack/lib/spack/spack/build_environment.py:1076, in _setup_pkg_and_run:\n       1073        tb_string = traceback.format_exc()\n       1074\n       1075        # build up some context from the offending package so we can\n  >>   1076        # show that, too.\n       1077        package_context = get_package_context(tb)\n       1078\n       1079        logfile = None\n\nSee test log for details:\n  /cache/spack/test/6uciecug5gs2345sdq4qtkxny4y6bufh/arborx-1.2-sqpug5p-test-out.txt\n\n==> Error: 1 test(s) in the suite failed.\n\n======================== 1 failed, 0 passed of 1 specs =========================\n",
                    "return_code": 1,
                    "seconds": 1.612438678741455,
                    "prediction": false,
                    "command": "/spack/bin/spack test run /sqpug5"
                }
            }
        },
        "stats": {
            "sizes_bytes": {}
        },
        "experiment": "arborx",
        "result": "splice-success",
        "success": true,
        "splice": "kokkos@3.2.01",
        "package": "arborx@1.2",
        "different_libs": false
    }
]