[
    {
        "specs": {
            "original": "mercurial@4.4.1%gcc@11.2.0 arch=linux-ubuntu22.04-x86_64_v4 ^berkeley-db@18.1.40%gcc@11.2.0+cxx~docs+stl patches=b231fcc arch=linux-ubuntu22.04-x86_64_v4 ^bzip2@1.0.8%gcc@11.2.0~debug~pic+shared arch=linux-ubuntu22.04-x86_64_v4 ^ca-certificates-mozilla@2022-03-29%gcc@11.2.0 arch=linux-ubuntu22.04-x86_64_v4 ^diffutils@3.8%gcc@11.2.0 arch=linux-ubuntu22.04-x86_64_v4 ^expat@2.4.8%gcc@11.2.0+libbsd arch=linux-ubuntu22.04-x86_64_v4 ^gdbm@1.19%gcc@11.2.0 arch=linux-ubuntu22.04-x86_64_v4 ^gettext@0.21%gcc@11.2.0+bzip2+curses+git~libunistring+libxml2+tar+xz arch=linux-ubuntu22.04-x86_64_v4 ^libbsd@0.11.5%gcc@11.2.0 arch=linux-ubuntu22.04-x86_64_v4 ^libffi@3.4.2%gcc@11.2.0 arch=linux-ubuntu22.04-x86_64_v4 ^libiconv@1.16%gcc@11.2.0 libs=shared,static arch=linux-ubuntu22.04-x86_64_v4 ^libmd@1.0.4%gcc@11.2.0 arch=linux-ubuntu22.04-x86_64_v4 ^libxml2@2.9.13%gcc@11.2.0~python arch=linux-ubuntu22.04-x86_64_v4 ^ncurses@6.2%gcc@11.2.0~symlinks+termlib abi=none arch=linux-ubuntu22.04-x86_64_v4 ^openssl@1.1.1q%gcc@11.2.0~docs~shared certs=mozilla patches=3fdcf2d arch=linux-ubuntu22.04-x86_64_v4 ^perl@5.34.1%gcc@11.2.0+cpanm+shared+threads arch=linux-ubuntu22.04-x86_64_v4 ^pigz@2.7%gcc@11.2.0 arch=linux-ubuntu22.04-x86_64_v4 ^pkgconf@1.8.0%gcc@11.2.0 arch=linux-ubuntu22.04-x86_64_v4 ^py-certifi@2021.10.8%gcc@11.2.0 arch=linux-ubuntu22.04-x86_64_v4 ^py-docutils@0.18.1%gcc@11.2.0 arch=linux-ubuntu22.04-x86_64_v4 ^py-pip@22.1.2%gcc@11.2.0 arch=linux-ubuntu22.04-x86_64_v4 ^py-pygments@2.10.0%gcc@11.2.0 arch=linux-ubuntu22.04-x86_64_v4 ^py-setuptools@63.0.0%gcc@11.2.0 arch=linux-ubuntu22.04-x86_64_v4 ^py-wheel@0.37.1%gcc@11.2.0 arch=linux-ubuntu22.04-x86_64_v4 ^python@3.9.13%gcc@11.2.0+bz2+ctypes+dbm~debug+ensurepip+libxml2+lzma~nis~optimizations+pic+pyexpat+pythoncmd+readline+shared+sqlite3+ssl~tix~tkinter~ucs4+uuid+zlib patches=0d98e93,4c24573,f2fd060 arch=linux-ubuntu22.04-x86_64_v4 ^readline@8.1.2%gcc@11.2.0 arch=linux-ubuntu22.04-x86_64_v4 ^sqlite@3.38.5%gcc@11.2.0+column_metadata+dynamic_extensions+fts~functions+rtree arch=linux-ubuntu22.04-x86_64_v4 ^tar@1.34%gcc@11.2.0 zip=pigz arch=linux-ubuntu22.04-x86_64_v4 ^util-linux-uuid@2.37.4%gcc@11.2.0 arch=linux-ubuntu22.04-x86_64_v4 ^xz@5.2.5%gcc@11.2.0~pic libs=shared,static arch=linux-ubuntu22.04-x86_64_v4 ^zlib@1.2.12%gcc@11.2.0+optimize+pic+shared patches=0d38234 arch=linux-ubuntu22.04-x86_64_v4 ^zstd@1.5.2%gcc@11.2.0+programs compression=none libs=shared,static arch=linux-ubuntu22.04-x86_64_v4",
            "spliced": "mercurial@4.4.1%gcc@11.2.0 arch=linux-ubuntu22.04-x86_64_v4 ^berkeley-db@18.1.40%gcc@11.2.0+cxx~docs+stl patches=b231fcc arch=linux-ubuntu22.04-x86_64_v4 ^bzip2@1.0.8%gcc@11.2.0~debug~pic+shared arch=linux-ubuntu22.04-x86_64_v4 ^ca-certificates-mozilla@2022-03-29%gcc@11.2.0 arch=linux-ubuntu22.04-x86_64_v4 ^diffutils@3.8%gcc@11.2.0 arch=linux-ubuntu22.04-x86_64_v4 ^expat@2.4.8%gcc@11.2.0+libbsd arch=linux-ubuntu22.04-x86_64_v4 ^gdbm@1.19%gcc@11.2.0 arch=linux-ubuntu22.04-x86_64_v4 ^gettext@0.21%gcc@11.2.0+bzip2+curses+git~libunistring+libxml2+tar+xz arch=linux-ubuntu22.04-x86_64_v4 ^libbsd@0.11.5%gcc@11.2.0 arch=linux-ubuntu22.04-x86_64_v4 ^libffi@3.4.2%gcc@11.2.0 arch=linux-ubuntu22.04-x86_64_v4 ^libiconv@1.16%gcc@11.2.0 libs=shared,static arch=linux-ubuntu22.04-x86_64_v4 ^libmd@1.0.4%gcc@11.2.0 arch=linux-ubuntu22.04-x86_64_v4 ^libxml2@2.9.13%gcc@11.2.0~python arch=linux-ubuntu22.04-x86_64_v4 ^ncurses@6.2%gcc@11.2.0~symlinks+termlib abi=none arch=linux-ubuntu22.04-x86_64_v4 ^openssl@1.1.1q%gcc@11.2.0~docs~shared certs=mozilla patches=3fdcf2d arch=linux-ubuntu22.04-x86_64_v4 ^perl@5.34.1%gcc@11.2.0+cpanm+shared+threads arch=linux-ubuntu22.04-x86_64_v4 ^pigz@2.7%gcc@11.2.0 arch=linux-ubuntu22.04-x86_64_v4 ^pkgconf@1.8.0%gcc@11.2.0 arch=linux-ubuntu22.04-x86_64_v4 ^py-certifi@2021.10.8%gcc@11.2.0 arch=linux-ubuntu22.04-x86_64_v4 ^py-docutils@0.18.1%gcc@11.2.0 arch=linux-ubuntu22.04-x86_64_v4 ^py-pip@22.1.2%gcc@11.2.0 arch=linux-ubuntu22.04-x86_64_v4 ^py-pygments@2.10.0%gcc@11.2.0 arch=linux-ubuntu22.04-x86_64_v4 ^py-setuptools@63.0.0%gcc@11.2.0 arch=linux-ubuntu22.04-x86_64_v4 ^py-wheel@0.37.1%gcc@11.2.0 arch=linux-ubuntu22.04-x86_64_v4 ^python@3.9.13%gcc@11.2.0+bz2+ctypes+dbm~debug+ensurepip+libxml2+lzma~nis~optimizations+pic+pyexpat+pythoncmd+readline+shared+sqlite3+ssl~tix~tkinter~ucs4+uuid+zlib patches=0d98e93,4c24573,f2fd060 arch=linux-ubuntu22.04-x86_64_v4 ^readline@8.1.2%gcc@11.2.0 arch=linux-ubuntu22.04-x86_64_v4 ^sqlite@3.38.5%gcc@11.2.0+column_metadata+dynamic_extensions+fts~functions+rtree arch=linux-ubuntu22.04-x86_64_v4 ^tar@1.34%gcc@11.2.0 zip=pigz arch=linux-ubuntu22.04-x86_64_v4 ^util-linux-uuid@2.37.4%gcc@11.2.0 arch=linux-ubuntu22.04-x86_64_v4 ^xz@5.2.5%gcc@11.2.0~pic libs=shared,static arch=linux-ubuntu22.04-x86_64_v4 ^zlib@1.2.12%gcc@11.2.0+optimize+pic+shared patches=0d38234 arch=linux-ubuntu22.04-x86_64_v4 ^zstd@1.5.2%gcc@11.2.0+programs compression=none libs=shared,static arch=linux-ubuntu22.04-x86_64_v4"
        },
        "ids": {
            "original": "/i2kf4f",
            "spliced": "/oavt4q"
        },
        "original": [
            "/spack/opt/spack/linux-ubuntu22.04-x86_64_v4/gcc-11.2.0/mercurial-4.4.1-i2kf4fnp3mbyp6vqs256hslm2sk2iasx/lib/python3.9/site-packages/mercurial/zstd.cpython-39-x86_64-linux-gnu.so",
            "/spack/opt/spack/linux-ubuntu22.04-x86_64_v4/gcc-11.2.0/mercurial-4.4.1-i2kf4fnp3mbyp6vqs256hslm2sk2iasx/lib/python3.9/site-packages/mercurial/cext/osutil.cpython-39-x86_64-linux-gnu.so",
            "/spack/opt/spack/linux-ubuntu22.04-x86_64_v4/gcc-11.2.0/mercurial-4.4.1-i2kf4fnp3mbyp6vqs256hslm2sk2iasx/lib/python3.9/site-packages/mercurial/cext/parsers.cpython-39-x86_64-linux-gnu.so",
            "/spack/opt/spack/linux-ubuntu22.04-x86_64_v4/gcc-11.2.0/mercurial-4.4.1-i2kf4fnp3mbyp6vqs256hslm2sk2iasx/lib/python3.9/site-packages/mercurial/cext/diffhelpers.cpython-39-x86_64-linux-gnu.so",
            "/spack/opt/spack/linux-ubuntu22.04-x86_64_v4/gcc-11.2.0/mercurial-4.4.1-i2kf4fnp3mbyp6vqs256hslm2sk2iasx/lib/python3.9/site-packages/mercurial/cext/base85.cpython-39-x86_64-linux-gnu.so",
            "/spack/opt/spack/linux-ubuntu22.04-x86_64_v4/gcc-11.2.0/mercurial-4.4.1-i2kf4fnp3mbyp6vqs256hslm2sk2iasx/lib/python3.9/site-packages/mercurial/cext/mpatch.cpython-39-x86_64-linux-gnu.so",
            "/spack/opt/spack/linux-ubuntu22.04-x86_64_v4/gcc-11.2.0/mercurial-4.4.1-i2kf4fnp3mbyp6vqs256hslm2sk2iasx/lib/python3.9/site-packages/mercurial/cext/bdiff.cpython-39-x86_64-linux-gnu.so",
            "/spack/opt/spack/linux-ubuntu22.04-x86_64_v4/gcc-11.2.0/mercurial-4.4.1-i2kf4fnp3mbyp6vqs256hslm2sk2iasx/lib/python3.9/site-packages/hgext/fsmonitor/pywatchman/bser.cpython-39-x86_64-linux-gnu.so"
        ],
        "spliced": [
            "/spack/opt/spack/linux-ubuntu22.04-x86_64_v4/gcc-11.2.0/mercurial-4.4.1-oavt4qjou266x6cvw6ijv6uofvyg7p7b/lib/python3.9/site-packages/mercurial/zstd.cpython-39-x86_64-linux-gnu.so",
            "/spack/opt/spack/linux-ubuntu22.04-x86_64_v4/gcc-11.2.0/mercurial-4.4.1-oavt4qjou266x6cvw6ijv6uofvyg7p7b/lib/python3.9/site-packages/mercurial/cext/base85.cpython-39-x86_64-linux-gnu.so",
            "/spack/opt/spack/linux-ubuntu22.04-x86_64_v4/gcc-11.2.0/mercurial-4.4.1-oavt4qjou266x6cvw6ijv6uofvyg7p7b/lib/python3.9/site-packages/mercurial/cext/osutil.cpython-39-x86_64-linux-gnu.so",
            "/spack/opt/spack/linux-ubuntu22.04-x86_64_v4/gcc-11.2.0/mercurial-4.4.1-oavt4qjou266x6cvw6ijv6uofvyg7p7b/lib/python3.9/site-packages/mercurial/cext/bdiff.cpython-39-x86_64-linux-gnu.so",
            "/spack/opt/spack/linux-ubuntu22.04-x86_64_v4/gcc-11.2.0/mercurial-4.4.1-oavt4qjou266x6cvw6ijv6uofvyg7p7b/lib/python3.9/site-packages/mercurial/cext/parsers.cpython-39-x86_64-linux-gnu.so",
            "/spack/opt/spack/linux-ubuntu22.04-x86_64_v4/gcc-11.2.0/mercurial-4.4.1-oavt4qjou266x6cvw6ijv6uofvyg7p7b/lib/python3.9/site-packages/mercurial/cext/diffhelpers.cpython-39-x86_64-linux-gnu.so",
            "/spack/opt/spack/linux-ubuntu22.04-x86_64_v4/gcc-11.2.0/mercurial-4.4.1-oavt4qjou266x6cvw6ijv6uofvyg7p7b/lib/python3.9/site-packages/hgext/fsmonitor/pywatchman/bser.cpython-39-x86_64-linux-gnu.so",
            "/spack/opt/spack/linux-ubuntu22.04-x86_64_v4/gcc-11.2.0/mercurial-4.4.1-oavt4qjou266x6cvw6ijv6uofvyg7p7b/lib/python3.9/site-packages/mercurial/cext/mpatch.cpython-39-x86_64-linux-gnu.so"
        ],
        "paths": {
            "loads": {
                "original": [
                    "/spack/opt/spack/linux-ubuntu22.04-x86_64_v4/gcc-11.2.0/perl-5.34.1-lnvbwv4yorlcyq5oq73hlthgaaauofxv/lib",
                    "/spack/opt/spack/linux-ubuntu22.04-x86_64_v4/gcc-11.2.0/py-setuptools-63.0.0-gemzv7zoi6ryzfrqiq35l5pe2bnt4i6p/lib",
                    "/spack/opt/spack/linux-ubuntu22.04-x86_64_v4/gcc-11.2.0/util-linux-uuid-2.37.4-bsto4aqxpae6ahekgqhgwv7d5imqzjir/lib",
                    "/spack/opt/spack/linux-ubuntu22.04-x86_64_v4/gcc-11.2.0/libbsd-0.11.5-bzcigiybl7sofxasuc2meyh5vpczbsfq/lib",
                    "/spack/opt/spack/linux-ubuntu22.04-x86_64_v4/gcc-11.2.0/py-pip-22.1.2-qijpvpn7btielxvuzyuvmrptsh3goejy/lib",
                    "/spack/opt/spack/linux-ubuntu22.04-x86_64_v4/gcc-11.2.0/bzip2-1.0.8-fh7xswtqghrdaobdrrrohk5nr2iomteu/lib",
                    "/spack/opt/spack/linux-ubuntu22.04-x86_64_v4/gcc-11.2.0/libxml2-2.9.13-aibkq4n2tg367zub2obvmcghgrm6hvm7/lib",
                    "/spack/opt/spack/linux-ubuntu22.04-x86_64_v4/gcc-11.2.0/py-certifi-2021.10.8-senhjd4iuz6db4yjtc3gde2mg7yy3n5s/lib",
                    "/spack/opt/spack/linux-ubuntu22.04-x86_64_v4/gcc-11.2.0/expat-2.4.8-s5vsv76isyubw5hyxj52f22oru4gnlkl/lib",
                    "/spack/opt/spack/linux-ubuntu22.04-x86_64_v4/gcc-11.2.0/readline-8.1.2-g3ekkwokhxgude2tvtgxnidmyn4ylloq/lib",
                    "/spack/opt/spack/linux-ubuntu22.04-x86_64_v4/gcc-11.2.0/py-docutils-0.18.1-jqasgomw7sekniqchifngbw3bjqkqxr6/lib",
                    "/spack/opt/spack/linux-ubuntu22.04-x86_64_v4/gcc-11.2.0/libmd-1.0.4-a6uikiyvtup4aooi3hyjaaapqxbzitpu/lib",
                    "/spack/opt/spack/linux-ubuntu22.04-x86_64_v4/gcc-11.2.0/sqlite-3.38.5-42fvgncjooinicry2o7fhni6ovtuofzd/lib",
                    "/spack/opt/spack/linux-ubuntu22.04-x86_64_v4/gcc-11.2.0/py-pygments-2.10.0-ftkebaj6qwicum24dk5kl2mhyak4r3xz/lib",
                    "/spack/opt/spack/linux-ubuntu22.04-x86_64_v4/gcc-11.2.0/mercurial-4.4.1-i2kf4fnp3mbyp6vqs256hslm2sk2iasx/lib",
                    "/spack/opt/spack/linux-ubuntu22.04-x86_64_v4/gcc-11.2.0/libffi-3.4.2-rwchh7tslhtpmiha6ciynhe6fij7u7zz/lib",
                    "/spack/opt/spack/linux-ubuntu22.04-x86_64_v4/gcc-11.2.0/gdbm-1.19-6oga5z7ci5jruupmirux4neifsyblyfz/lib",
                    "/spack/opt/spack/linux-ubuntu22.04-x86_64_v4/gcc-11.2.0/zstd-1.5.2-3v57d7icvaltd3myvdxqwpfhabte7jnm/lib",
                    "/spack/opt/spack/linux-ubuntu22.04-x86_64_v4/gcc-11.2.0/xz-5.2.5-2emntpn7rbcpn2w6vouqgr2knpyvtkre/lib",
                    "/spack/opt/spack/linux-ubuntu22.04-x86_64_v4/gcc-11.2.0/pkgconf-1.8.0-f7tw6htx3e7byzstxk6tf5nsthuax6qg/lib",
                    "/spack/opt/spack/linux-ubuntu22.04-x86_64_v4/gcc-11.2.0/python-3.9.13-mgnzob74nbcueiich3dqlgbqwelqnu26/lib",
                    "/spack/opt/spack/linux-ubuntu22.04-x86_64_v4/gcc-11.2.0/py-wheel-0.37.1-cnw6o5yhsd46wztp6vhvwlp7evxwigc6/lib",
                    "/spack/opt/spack/linux-ubuntu22.04-x86_64_v4/gcc-11.2.0/gettext-0.21-s34rccrsz36hgcyxpn6rzldnxrqsrymv/lib",
                    "/spack/opt/spack/linux-ubuntu22.04-x86_64_v4/gcc-11.2.0/libiconv-1.16-spihuvccgglc2kwv6l6ig75vo74qr742/lib",
                    "/spack/opt/spack/linux-ubuntu22.04-x86_64_v4/gcc-11.2.0/ncurses-6.2-ncnrv2p753lgdghoapjrjpryk2ogkct3/lib",
                    "/spack/opt/spack/linux-ubuntu22.04-x86_64_v4/gcc-11.2.0/zlib-1.2.12-luwgiwun44dt7hmxv4ki6xjnxyucze7f/lib",
                    "/spack/opt/spack/linux-ubuntu22.04-x86_64_v4/gcc-11.2.0/berkeley-db-18.1.40-rghamddf2h2qmwxqzl66qzbjjtvkky5u/lib",
                    "/spack/opt/spack/linux-ubuntu22.04-x86_64_v4/gcc-11.2.0/openssl-1.1.1q-q5lvo4oel6bposdvpn5sh4cnxcyuv63j/lib"
                ],
                "spliced": [
                    "/spack/opt/spack/linux-ubuntu22.04-x86_64_v4/gcc-11.2.0/py-pip-22.1.2-w6gpvbw62mazrfq5knk6mt2gnsqns75w/lib",
                    "/spack/opt/spack/linux-ubuntu22.04-x86_64_v4/gcc-11.2.0/perl-5.34.1-lnvbwv4yorlcyq5oq73hlthgaaauofxv/lib",
                    "/spack/opt/spack/linux-ubuntu22.04-x86_64_v4/gcc-11.2.0/py-docutils-0.18.1-witi734qmdar4dxtufvsto6egiai5scn/lib",
                    "/spack/opt/spack/linux-ubuntu22.04-x86_64_v4/gcc-11.2.0/util-linux-uuid-2.37.4-bsto4aqxpae6ahekgqhgwv7d5imqzjir/lib",
                    "/spack/opt/spack/linux-ubuntu22.04-x86_64_v4/gcc-11.2.0/libbsd-0.11.5-bzcigiybl7sofxasuc2meyh5vpczbsfq/lib",
                    "/spack/opt/spack/linux-ubuntu22.04-x86_64_v4/gcc-11.2.0/bzip2-1.0.8-fh7xswtqghrdaobdrrrohk5nr2iomteu/lib",
                    "/spack/opt/spack/linux-ubuntu22.04-x86_64_v4/gcc-11.2.0/py-pygments-2.10.0-2nermg673yacyy5m2pww2c6kkvaw2yl5/lib",
                    "/spack/opt/spack/linux-ubuntu22.04-x86_64_v4/gcc-11.2.0/libxml2-2.9.13-aibkq4n2tg367zub2obvmcghgrm6hvm7/lib",
                    "/spack/opt/spack/linux-ubuntu22.04-x86_64_v4/gcc-11.2.0/py-certifi-2021.10.8-pwkvftg2oujtugch5iy2wt46ghosyakn/lib",
                    "/spack/opt/spack/linux-ubuntu22.04-x86_64_v4/gcc-11.2.0/expat-2.4.8-s5vsv76isyubw5hyxj52f22oru4gnlkl/lib",
                    "/spack/opt/spack/linux-ubuntu22.04-x86_64_v4/gcc-11.2.0/py-setuptools-63.0.0-knhzl4xcdkrxxb3fqm3dqxzottusfnsk/lib",
                    "/spack/opt/spack/linux-ubuntu22.04-x86_64_v4/gcc-11.2.0/readline-8.1.2-g3ekkwokhxgude2tvtgxnidmyn4ylloq/lib",
                    "/spack/opt/spack/linux-ubuntu22.04-x86_64_v4/gcc-11.2.0/libmd-1.0.4-a6uikiyvtup4aooi3hyjaaapqxbzitpu/lib",
                    "/spack/opt/spack/linux-ubuntu22.04-x86_64_v4/gcc-11.2.0/sqlite-3.38.5-42fvgncjooinicry2o7fhni6ovtuofzd/lib",
                    "/spack/opt/spack/linux-ubuntu22.04-x86_64_v4/gcc-11.2.0/libffi-3.4.2-rwchh7tslhtpmiha6ciynhe6fij7u7zz/lib",
                    "/spack/opt/spack/linux-ubuntu22.04-x86_64_v4/gcc-11.2.0/gdbm-1.19-6oga5z7ci5jruupmirux4neifsyblyfz/lib",
                    "/spack/opt/spack/linux-ubuntu22.04-x86_64_v4/gcc-11.2.0/zstd-1.5.2-3v57d7icvaltd3myvdxqwpfhabte7jnm/lib",
                    "/spack/opt/spack/linux-ubuntu22.04-x86_64_v4/gcc-11.2.0/mercurial-4.4.1-oavt4qjou266x6cvw6ijv6uofvyg7p7b/lib",
                    "/spack/opt/spack/linux-ubuntu22.04-x86_64_v4/gcc-11.2.0/py-wheel-0.37.1-uwvp22hi7aq26xbr3b7pweuzhadigyek/lib",
                    "/spack/opt/spack/linux-ubuntu22.04-x86_64_v4/gcc-11.2.0/xz-5.2.5-2emntpn7rbcpn2w6vouqgr2knpyvtkre/lib",
                    "/spack/opt/spack/linux-ubuntu22.04-x86_64_v4/gcc-11.2.0/pkgconf-1.8.0-f7tw6htx3e7byzstxk6tf5nsthuax6qg/lib",
                    "/spack/opt/spack/linux-ubuntu22.04-x86_64_v4/gcc-11.2.0/python-3.9.13-mgnzob74nbcueiich3dqlgbqwelqnu26/lib",
                    "/spack/opt/spack/linux-ubuntu22.04-x86_64_v4/gcc-11.2.0/gettext-0.21-s34rccrsz36hgcyxpn6rzldnxrqsrymv/lib",
                    "/spack/opt/spack/linux-ubuntu22.04-x86_64_v4/gcc-11.2.0/libiconv-1.16-spihuvccgglc2kwv6l6ig75vo74qr742/lib",
                    "/spack/opt/spack/linux-ubuntu22.04-x86_64_v4/gcc-11.2.0/ncurses-6.2-ncnrv2p753lgdghoapjrjpryk2ogkct3/lib",
                    "/spack/opt/spack/linux-ubuntu22.04-x86_64_v4/gcc-11.2.0/zlib-1.2.12-luwgiwun44dt7hmxv4ki6xjnxyucze7f/lib",
                    "/spack/opt/spack/linux-ubuntu22.04-x86_64_v4/gcc-11.2.0/berkeley-db-18.1.40-rghamddf2h2qmwxqzl66qzbjjtvkky5u/lib",
                    "/spack/opt/spack/linux-ubuntu22.04-x86_64_v4/gcc-11.2.0/openssl-1.1.1q-q5lvo4oel6bposdvpn5sh4cnxcyuv63j/lib"
                ]
            }
        },
        "predictions": {
            "symbols": [
                {
                    "binary": "/spack/opt/spack/linux-ubuntu22.04-x86_64_v4/gcc-11.2.0/mercurial-4.4.1-i2kf4fnp3mbyp6vqs256hslm2sk2iasx/lib/python3.9/site-packages/mercurial/zstd.cpython-39-x86_64-linux-gnu.so",
                    "splice_type": "same_lib",
                    "command": "binary-checks-symbol-provisioner-change",
                    "message": "Symbol provider changes: ",
                    "prediction": true,
                    "seconds": 6.937980651855469e-05
                },
                {
                    "binary": "/spack/opt/spack/linux-ubuntu22.04-x86_64_v4/gcc-11.2.0/mercurial-4.4.1-i2kf4fnp3mbyp6vqs256hslm2sk2iasx/lib/python3.9/site-packages/mercurial/cext/osutil.cpython-39-x86_64-linux-gnu.so",
                    "splice_type": "same_lib",
                    "command": "binary-checks-symbol-provisioner-change",
                    "message": "Symbol provider changes: ",
                    "prediction": true,
                    "seconds": 2.8133392333984375e-05
                },
                {
                    "binary": "/spack/opt/spack/linux-ubuntu22.04-x86_64_v4/gcc-11.2.0/mercurial-4.4.1-i2kf4fnp3mbyp6vqs256hslm2sk2iasx/lib/python3.9/site-packages/mercurial/cext/parsers.cpython-39-x86_64-linux-gnu.so",
                    "splice_type": "same_lib",
                    "command": "binary-checks-symbol-provisioner-change",
                    "message": "Symbol provider changes: ",
                    "prediction": true,
                    "seconds": 2.7418136596679688e-05
                },
                {
                    "binary": "/spack/opt/spack/linux-ubuntu22.04-x86_64_v4/gcc-11.2.0/mercurial-4.4.1-i2kf4fnp3mbyp6vqs256hslm2sk2iasx/lib/python3.9/site-packages/mercurial/cext/diffhelpers.cpython-39-x86_64-linux-gnu.so",
                    "splice_type": "same_lib",
                    "command": "binary-checks-symbol-provisioner-change",
                    "message": "Symbol provider changes: ",
                    "prediction": true,
                    "seconds": 7.3909759521484375e-06
                },
                {
                    "binary": "/spack/opt/spack/linux-ubuntu22.04-x86_64_v4/gcc-11.2.0/mercurial-4.4.1-i2kf4fnp3mbyp6vqs256hslm2sk2iasx/lib/python3.9/site-packages/mercurial/cext/base85.cpython-39-x86_64-linux-gnu.so",
                    "splice_type": "same_lib",
                    "command": "binary-checks-symbol-provisioner-change",
                    "message": "Symbol provider changes: ",
                    "prediction": true,
                    "seconds": 5.7220458984375e-06
                },
                {
                    "binary": "/spack/opt/spack/linux-ubuntu22.04-x86_64_v4/gcc-11.2.0/mercurial-4.4.1-i2kf4fnp3mbyp6vqs256hslm2sk2iasx/lib/python3.9/site-packages/mercurial/cext/mpatch.cpython-39-x86_64-linux-gnu.so",
                    "splice_type": "same_lib",
                    "command": "binary-checks-symbol-provisioner-change",
                    "message": "Symbol provider changes: ",
                    "prediction": true,
                    "seconds": 1.1444091796875e-05
                },
                {
                    "binary": "/spack/opt/spack/linux-ubuntu22.04-x86_64_v4/gcc-11.2.0/mercurial-4.4.1-i2kf4fnp3mbyp6vqs256hslm2sk2iasx/lib/python3.9/site-packages/mercurial/cext/bdiff.cpython-39-x86_64-linux-gnu.so",
                    "splice_type": "same_lib",
                    "command": "binary-checks-symbol-provisioner-change",
                    "message": "Symbol provider changes: ",
                    "prediction": true,
                    "seconds": 1.4543533325195312e-05
                },
                {
                    "binary": "/spack/opt/spack/linux-ubuntu22.04-x86_64_v4/gcc-11.2.0/mercurial-4.4.1-i2kf4fnp3mbyp6vqs256hslm2sk2iasx/lib/python3.9/site-packages/hgext/fsmonitor/pywatchman/bser.cpython-39-x86_64-linux-gnu.so",
                    "splice_type": "same_lib",
                    "command": "binary-checks-symbol-provisioner-change",
                    "message": "Symbol provider changes: ",
                    "prediction": true,
                    "seconds": 1.5974044799804688e-05
                }
            ],
            "spack-test": {
                "original": {
                    "message": "==> Spack test qetxzfrwnwxmv4cmtzdbjvxowkzwrehk\n==> Testing package mercurial-4.4.1-i2kf4fn\n==> Error: TestFailure: 7 tests failed.\n\n\nCommand exited with status 1:\n    '/spack/opt/spack/linux-ubuntu22.04-x86_64_v4/gcc-11.2.0/python-3.9.13-mgnzob74nbcueiich3dqlgbqwelqnu26/bin/python3.9' '-c' 'import hgext.highlight'\nTraceback (most recent call last):\n  File \"<string>\", line 1, in <module>\n  File \"/spack/opt/spack/linux-ubuntu22.04-x86_64_v4/gcc-11.2.0/mercurial-4.4.1-i2kf4fnp3mbyp6vqs256hslm2sk2iasx/lib/python3.9/site-packages/hgext/highlight/__init__.py\", line 31, in <module>\n    from . import highlight\n  File \"/spack/opt/spack/linux-ubuntu22.04-x86_64_v4/gcc-11.2.0/mercurial-4.4.1-i2kf4fnp3mbyp6vqs256hslm2sk2iasx/lib/python3.9/site-packages/hgext/highlight/highlight.py\", line 16, in <module>\n    from mercurial import (\n  File \"/spack/opt/spack/linux-ubuntu22.04-x86_64_v4/gcc-11.2.0/mercurial-4.4.1-i2kf4fnp3mbyp6vqs256hslm2sk2iasx/lib/python3.9/site-packages/mercurial/util.py\", line 174, in <module>\n    os.stat_float_times(False)\nAttributeError: module 'os' has no attribute 'stat_float_times'\n\n\n\n1 error found in test log:\n     11        from . import highlight\n     12      File \"/spack/opt/spack/linux-ubuntu22.04-x86_64_v4/gcc-11.2.0/merc\n           urial-4.4.1-i2kf4fnp3mbyp6vqs256hslm2sk2iasx/lib/python3.9/site-pack\n           ages/hgext/highlight/highlight.py\", line 16, in <module>\n     13        from mercurial import (\n     14      File \"/spack/opt/spack/linux-ubuntu22.04-x86_64_v4/gcc-11.2.0/merc\n           urial-4.4.1-i2kf4fnp3mbyp6vqs256hslm2sk2iasx/lib/python3.9/site-pack\n           ages/mercurial/util.py\", line 174, in <module>\n     15        os.stat_float_times(False)\n     16    AttributeError: module 'os' has no attribute 'stat_float_times'\n  >> 17    FAILED: Command exited with status 1:\n     18        '/spack/opt/spack/linux-ubuntu22.04-x86_64_v4/gcc-11.2.0/python-\n           3.9.13-mgnzob74nbcueiich3dqlgbqwelqnu26/bin/python3.9' '-c' 'import \n           hgext.highlight'\n     19    Traceback (most recent call last):\n     20      File \"<string>\", line 1, in <module>\n     21      File \"/spack/opt/spack/linux-ubuntu22.04-x86_64_v4/gcc-11.2.0/merc\n           urial-4.4.1-i2kf4fnp3mbyp6vqs256hslm2sk2iasx/lib/python3.9/site-pack\n           ages/hgext/highlight/__init__.py\", line 31, in <module>\n     22        from . import highlight\n     23      File \"/spack/opt/spack/linux-ubuntu22.04-x86_64_v4/gcc-11.2.0/merc\n           urial-4.4.1-i2kf4fnp3mbyp6vqs256hslm2sk2iasx/lib/python3.9/site-pack\n           ages/hgext/highlight/highlight.py\", line 16, in <module>\n\n\n\nCommand exited with status 1:\n    '/spack/opt/spack/linux-ubuntu22.04-x86_64_v4/gcc-11.2.0/python-3.9.13-mgnzob74nbcueiich3dqlgbqwelqnu26/bin/python3.9' '-c' 'import hgext.largefiles'\nTraceback (most recent call last):\n  File \"<string>\", line 1, in <module>\n  File \"/spack/opt/spack/linux-ubuntu22.04-x86_64_v4/gcc-11.2.0/mercurial-4.4.1-i2kf4fnp3mbyp6vqs256hslm2sk2iasx/lib/python3.9/site-packages/hgext/largefiles/__init__.py\", line 109, in <module>\n    from mercurial import (\n  File \"/spack/opt/spack/linux-ubuntu22.04-x86_64_v4/gcc-11.2.0/mercurial-4.4.1-i2kf4fnp3mbyp6vqs256hslm2sk2iasx/lib/python3.9/site-packages/mercurial/hg.py\", line 19, in <module>\n    from . import (\n  File \"/spack/opt/spack/linux-ubuntu22.04-x86_64_v4/gcc-11.2.0/mercurial-4.4.1-i2kf4fnp3mbyp6vqs256hslm2sk2iasx/lib/python3.9/site-packages/mercurial/bookmarks.py\", line 18, in <module>\n    from . import (\n  File \"/spack/opt/spack/linux-ubuntu22.04-x86_64_v4/gcc-11.2.0/mercurial-4.4.1-i2kf4fnp3mbyp6vqs256hslm2sk2iasx/lib/python3.9/site-packages/mercurial/lock.py\", line 17, in <module>\n    from . import (\n  File \"/spack/opt/spack/linux-ubuntu22.04-x86_64_v4/gcc-11.2.0/mercurial-4.4.1-i2kf4fnp3mbyp6vqs256hslm2sk2iasx/lib/python3.9/site-packages/mercurial/util.py\", line 174, in <module>\n    os.stat_float_times(False)\nAttributeError: module 'os' has no attribute 'stat_float_times'\n\n\n\n1 error found in test log:\n     78        from . import (\n     79      File \"/spack/opt/spack/linux-ubuntu22.04-x86_64_v4/gcc-11.2.0/merc\n           urial-4.4.1-i2kf4fnp3mbyp6vqs256hslm2sk2iasx/lib/python3.9/site-pack\n           ages/mercurial/lock.py\", line 17, in <module>\n     80        from . import (\n     81      File \"/spack/opt/spack/linux-ubuntu22.04-x86_64_v4/gcc-11.2.0/merc\n           urial-4.4.1-i2kf4fnp3mbyp6vqs256hslm2sk2iasx/lib/python3.9/site-pack\n           ages/mercurial/util.py\", line 174, in <module>\n     82        os.stat_float_times(False)\n     83    AttributeError: module 'os' has no attribute 'stat_float_times'\n  >> 84    FAILED: Command exited with status 1:\n     85        '/spack/opt/spack/linux-ubuntu22.04-x86_64_v4/gcc-11.2.0/python-\n           3.9.13-mgnzob74nbcueiich3dqlgbqwelqnu26/bin/python3.9' '-c' 'import \n           hgext.largefiles'\n     86    Traceback (most recent call last):\n     87      File \"<string>\", line 1, in <module>\n     88      File \"/spack/opt/spack/linux-ubuntu22.04-x86_64_v4/gcc-11.2.0/merc\n           urial-4.4.1-i2kf4fnp3mbyp6vqs256hslm2sk2iasx/lib/python3.9/site-pack\n           ages/hgext/largefiles/__init__.py\", line 109, in <module>\n     89        from mercurial import (\n     90      File \"/spack/opt/spack/linux-ubuntu22.04-x86_64_v4/gcc-11.2.0/merc\n           urial-4.4.1-i2kf4fnp3mbyp6vqs256hslm2sk2iasx/lib/python3.9/site-pack\n           ages/mercurial/hg.py\", line 19, in <module>\n\n\n\nCommand exited with status 1:\n    '/spack/opt/spack/linux-ubuntu22.04-x86_64_v4/gcc-11.2.0/python-3.9.13-mgnzob74nbcueiich3dqlgbqwelqnu26/bin/python3.9' '-c' 'import hgext.fsmonitor'\nTraceback (most recent call last):\n  File \"<string>\", line 1, in <module>\n  File \"/spack/opt/spack/linux-ubuntu22.04-x86_64_v4/gcc-11.2.0/mercurial-4.4.1-i2kf4fnp3mbyp6vqs256hslm2sk2iasx/lib/python3.9/site-packages/hgext/fsmonitor/__init__.py\", line 123, in <module>\n    from mercurial import (\n  File \"/spack/opt/spack/linux-ubuntu22.04-x86_64_v4/gcc-11.2.0/mercurial-4.4.1-i2kf4fnp3mbyp6vqs256hslm2sk2iasx/lib/python3.9/site-packages/mercurial/context.py\", line 32, in <module>\n    from . import (\n  File \"/spack/opt/spack/linux-ubuntu22.04-x86_64_v4/gcc-11.2.0/mercurial-4.4.1-i2kf4fnp3mbyp6vqs256hslm2sk2iasx/lib/python3.9/site-packages/mercurial/fileset.py\", line 13, in <module>\n    from . import (\n  File \"/spack/opt/spack/linux-ubuntu22.04-x86_64_v4/gcc-11.2.0/mercurial-4.4.1-i2kf4fnp3mbyp6vqs256hslm2sk2iasx/lib/python3.9/site-packages/mercurial/merge.py\", line 25, in <module>\n    from . import (\n  File \"/spack/opt/spack/linux-ubuntu22.04-x86_64_v4/gcc-11.2.0/mercurial-4.4.1-i2kf4fnp3mbyp6vqs256hslm2sk2iasx/lib/python3.9/site-packages/mercurial/copies.py\", line 16, in <module>\n    from . import (\n  File \"/spack/opt/spack/linux-ubuntu22.04-x86_64_v4/gcc-11.2.0/mercurial-4.4.1-i2kf4fnp3mbyp6vqs256hslm2sk2iasx/lib/python3.9/site-packages/mercurial/match.py\", line 15, in <module>\n    from . import (\n  File \"/spack/opt/spack/linux-ubuntu22.04-x86_64_v4/gcc-11.2.0/mercurial-4.4.1-i2kf4fnp3mbyp6vqs256hslm2sk2iasx/lib/python3.9/site-packages/mercurial/pathutil.py\", line 9, in <module>\n    from . import (\n  File \"/spack/opt/spack/linux-ubuntu22.04-x86_64_v4/gcc-11.2.0/mercurial-4.4.1-i2kf4fnp3mbyp6vqs256hslm2sk2iasx/lib/python3.9/site-packages/mercurial/util.py\", line 174, in <module>\n    os.stat_float_times(False)\nAttributeError: module 'os' has no attribute 'stat_float_times'\n\n\n\n1 error found in test log:\n     155        from . import (\n     156      File \"/spack/opt/spack/linux-ubuntu22.04-x86_64_v4/gcc-11.2.0/mer\n            curial-4.4.1-i2kf4fnp3mbyp6vqs256hslm2sk2iasx/lib/python3.9/site-pa\n            ckages/mercurial/pathutil.py\", line 9, in <module>\n     157        from . import (\n     158      File \"/spack/opt/spack/linux-ubuntu22.04-x86_64_v4/gcc-11.2.0/mer\n            curial-4.4.1-i2kf4fnp3mbyp6vqs256hslm2sk2iasx/lib/python3.9/site-pa\n            ckages/mercurial/util.py\", line 174, in <module>\n     159        os.stat_float_times(False)\n     160    AttributeError: module 'os' has no attribute 'stat_float_times'\n  >> 161    FAILED: Command exited with status 1:\n     162        '/spack/opt/spack/linux-ubuntu22.04-x86_64_v4/gcc-11.2.0/python\n            -3.9.13-mgnzob74nbcueiich3dqlgbqwelqnu26/bin/python3.9' '-c' 'impor\n            t hgext.fsmonitor'\n     163    Traceback (most recent call last):\n     164      File \"<string>\", line 1, in <module>\n     165      File \"/spack/opt/spack/linux-ubuntu22.04-x86_64_v4/gcc-11.2.0/mer\n            curial-4.4.1-i2kf4fnp3mbyp6vqs256hslm2sk2iasx/lib/python3.9/site-pa\n            ckages/hgext/fsmonitor/__init__.py\", line 123, in <module>\n     166        from mercurial import (\n     167      File \"/spack/opt/spack/linux-ubuntu22.04-x86_64_v4/gcc-11.2.0/mer\n            curial-4.4.1-i2kf4fnp3mbyp6vqs256hslm2sk2iasx/lib/python3.9/site-pa\n            ckages/mercurial/context.py\", line 32, in <module>\n\n\n\nCommand exited with status 1:\n    '/spack/opt/spack/linux-ubuntu22.04-x86_64_v4/gcc-11.2.0/python-3.9.13-mgnzob74nbcueiich3dqlgbqwelqnu26/bin/python3.9' '-c' 'import hgext.fsmonitor.pywatchman'\nTraceback (most recent call last):\n  File \"<string>\", line 1, in <module>\n  File \"/spack/opt/spack/linux-ubuntu22.04-x86_64_v4/gcc-11.2.0/mercurial-4.4.1-i2kf4fnp3mbyp6vqs256hslm2sk2iasx/lib/python3.9/site-packages/hgext/fsmonitor/__init__.py\", line 123, in <module>\n    from mercurial import (\n  File \"/spack/opt/spack/linux-ubuntu22.04-x86_64_v4/gcc-11.2.0/mercurial-4.4.1-i2kf4fnp3mbyp6vqs256hslm2sk2iasx/lib/python3.9/site-packages/mercurial/context.py\", line 32, in <module>\n    from . import (\n  File \"/spack/opt/spack/linux-ubuntu22.04-x86_64_v4/gcc-11.2.0/mercurial-4.4.1-i2kf4fnp3mbyp6vqs256hslm2sk2iasx/lib/python3.9/site-packages/mercurial/fileset.py\", line 13, in <module>\n    from . import (\n  File \"/spack/opt/spack/linux-ubuntu22.04-x86_64_v4/gcc-11.2.0/mercurial-4.4.1-i2kf4fnp3mbyp6vqs256hslm2sk2iasx/lib/python3.9/site-packages/mercurial/merge.py\", line 25, in <module>\n    from . import (\n  File \"/spack/opt/spack/linux-ubuntu22.04-x86_64_v4/gcc-11.2.0/mercurial-4.4.1-i2kf4fnp3mbyp6vqs256hslm2sk2iasx/lib/python3.9/site-packages/mercurial/copies.py\", line 16, in <module>\n    from . import (\n  File \"/spack/opt/spack/linux-ubuntu22.04-x86_64_v4/gcc-11.2.0/mercurial-4.4.1-i2kf4fnp3mbyp6vqs256hslm2sk2iasx/lib/python3.9/site-packages/mercurial/match.py\", line 15, in <module>\n    from . import (\n  File \"/spack/opt/spack/linux-ubuntu22.04-x86_64_v4/gcc-11.2.0/mercurial-4.4.1-i2kf4fnp3mbyp6vqs256hslm2sk2iasx/lib/python3.9/site-packages/mercurial/pathutil.py\", line 9, in <module>\n    from . import (\n  File \"/spack/opt/spack/linux-ubuntu22.04-x86_64_v4/gcc-11.2.0/mercurial-4.4.1-i2kf4fnp3mbyp6vqs256hslm2sk2iasx/lib/python3.9/site-packages/mercurial/util.py\", line 174, in <module>\n    os.stat_float_times(False)\nAttributeError: module 'os' has no attribute 'stat_float_times'\n\n\n\n1 error found in test log:\n     238        from . import (\n     239      File \"/spack/opt/spack/linux-ubuntu22.04-x86_64_v4/gcc-11.2.0/mer\n            curial-4.4.1-i2kf4fnp3mbyp6vqs256hslm2sk2iasx/lib/python3.9/site-pa\n            ckages/mercurial/pathutil.py\", line 9, in <module>\n     240        from . import (\n     241      File \"/spack/opt/spack/linux-ubuntu22.04-x86_64_v4/gcc-11.2.0/mer\n            curial-4.4.1-i2kf4fnp3mbyp6vqs256hslm2sk2iasx/lib/python3.9/site-pa\n            ckages/mercurial/util.py\", line 174, in <module>\n     242        os.stat_float_times(False)\n     243    AttributeError: module 'os' has no attribute 'stat_float_times'\n  >> 244    FAILED: Command exited with status 1:\n     245        '/spack/opt/spack/linux-ubuntu22.04-x86_64_v4/gcc-11.2.0/python\n            -3.9.13-mgnzob74nbcueiich3dqlgbqwelqnu26/bin/python3.9' '-c' 'impor\n            t hgext.fsmonitor.pywatchman'\n     246    Traceback (most recent call last):\n     247      File \"<string>\", line 1, in <module>\n     248      File \"/spack/opt/spack/linux-ubuntu22.04-x86_64_v4/gcc-11.2.0/mer\n            curial-4.4.1-i2kf4fnp3mbyp6vqs256hslm2sk2iasx/lib/python3.9/site-pa\n            ckages/hgext/fsmonitor/__init__.py\", line 123, in <module>\n     249        from mercurial import (\n     250      File \"/spack/opt/spack/linux-ubuntu22.04-x86_64_v4/gcc-11.2.0/mer\n            curial-4.4.1-i2kf4fnp3mbyp6vqs256hslm2sk2iasx/lib/python3.9/site-pa\n            ckages/mercurial/context.py\", line 32, in <module>\n\n\n\nCommand exited with status 1:\n    '/spack/opt/spack/linux-ubuntu22.04-x86_64_v4/gcc-11.2.0/python-3.9.13-mgnzob74nbcueiich3dqlgbqwelqnu26/bin/python3.9' '-c' 'import hgext.zeroconf'\nTraceback (most recent call last):\n  File \"<string>\", line 1, in <module>\n  File \"/spack/opt/spack/linux-ubuntu22.04-x86_64_v4/gcc-11.2.0/mercurial-4.4.1-i2kf4fnp3mbyp6vqs256hslm2sk2iasx/lib/python3.9/site-packages/hgext/zeroconf/__init__.py\", line 32, in <module>\n    from mercurial import (\n  File \"/spack/opt/spack/linux-ubuntu22.04-x86_64_v4/gcc-11.2.0/mercurial-4.4.1-i2kf4fnp3mbyp6vqs256hslm2sk2iasx/lib/python3.9/site-packages/mercurial/dispatch.py\", line 24, in <module>\n    from . import (\n  File \"/spack/opt/spack/linux-ubuntu22.04-x86_64_v4/gcc-11.2.0/mercurial-4.4.1-i2kf4fnp3mbyp6vqs256hslm2sk2iasx/lib/python3.9/site-packages/mercurial/cmdutil.py\", line 24, in <module>\n    from . import (\n  File \"/spack/opt/spack/linux-ubuntu22.04-x86_64_v4/gcc-11.2.0/mercurial-4.4.1-i2kf4fnp3mbyp6vqs256hslm2sk2iasx/lib/python3.9/site-packages/mercurial/bookmarks.py\", line 18, in <module>\n    from . import (\n  File \"/spack/opt/spack/linux-ubuntu22.04-x86_64_v4/gcc-11.2.0/mercurial-4.4.1-i2kf4fnp3mbyp6vqs256hslm2sk2iasx/lib/python3.9/site-packages/mercurial/lock.py\", line 17, in <module>\n    from . import (\n  File \"/spack/opt/spack/linux-ubuntu22.04-x86_64_v4/gcc-11.2.0/mercurial-4.4.1-i2kf4fnp3mbyp6vqs256hslm2sk2iasx/lib/python3.9/site-packages/mercurial/util.py\", line 174, in <module>\n    os.stat_float_times(False)\nAttributeError: module 'os' has no attribute 'stat_float_times'\n\n\n\n1 error found in test log:\n     317        from . import (\n     318      File \"/spack/opt/spack/linux-ubuntu22.04-x86_64_v4/gcc-11.2.0/mer\n            curial-4.4.1-i2kf4fnp3mbyp6vqs256hslm2sk2iasx/lib/python3.9/site-pa\n            ckages/mercurial/lock.py\", line 17, in <module>\n     319        from . import (\n     320      File \"/spack/opt/spack/linux-ubuntu22.04-x86_64_v4/gcc-11.2.0/mer\n            curial-4.4.1-i2kf4fnp3mbyp6vqs256hslm2sk2iasx/lib/python3.9/site-pa\n            ckages/mercurial/util.py\", line 174, in <module>\n     321        os.stat_float_times(False)\n     322    AttributeError: module 'os' has no attribute 'stat_float_times'\n  >> 323    FAILED: Command exited with status 1:\n     324        '/spack/opt/spack/linux-ubuntu22.04-x86_64_v4/gcc-11.2.0/python\n            -3.9.13-mgnzob74nbcueiich3dqlgbqwelqnu26/bin/python3.9' '-c' 'impor\n            t hgext.zeroconf'\n     325    Traceback (most recent call last):\n     326      File \"<string>\", line 1, in <module>\n     327      File \"/spack/opt/spack/linux-ubuntu22.04-x86_64_v4/gcc-11.2.0/mer\n            curial-4.4.1-i2kf4fnp3mbyp6vqs256hslm2sk2iasx/lib/python3.9/site-pa\n            ckages/hgext/zeroconf/__init__.py\", line 32, in <module>\n     328        from mercurial import (\n     329      File \"/spack/opt/spack/linux-ubuntu22.04-x86_64_v4/gcc-11.2.0/mer\n            curial-4.4.1-i2kf4fnp3mbyp6vqs256hslm2sk2iasx/lib/python3.9/site-pa\n            ckages/mercurial/dispatch.py\", line 24, in <module>\n\n\n\nCommand exited with status 1:\n    '/spack/opt/spack/linux-ubuntu22.04-x86_64_v4/gcc-11.2.0/python-3.9.13-mgnzob74nbcueiich3dqlgbqwelqnu26/bin/python3.9' '-c' 'import hgext.convert'\nTraceback (most recent call last):\n  File \"<string>\", line 1, in <module>\n  File \"/spack/opt/spack/linux-ubuntu22.04-x86_64_v4/gcc-11.2.0/mercurial-4.4.1-i2kf4fnp3mbyp6vqs256hslm2sk2iasx/lib/python3.9/site-packages/hgext/convert/__init__.py\", line 13, in <module>\n    from mercurial import (\n  File \"/spack/opt/spack/linux-ubuntu22.04-x86_64_v4/gcc-11.2.0/mercurial-4.4.1-i2kf4fnp3mbyp6vqs256hslm2sk2iasx/lib/python3.9/site-packages/mercurial/registrar.py\", line 10, in <module>\n    from . import (\n  File \"/spack/opt/spack/linux-ubuntu22.04-x86_64_v4/gcc-11.2.0/mercurial-4.4.1-i2kf4fnp3mbyp6vqs256hslm2sk2iasx/lib/python3.9/site-packages/mercurial/util.py\", line 174, in <module>\n    os.stat_float_times(False)\nAttributeError: module 'os' has no attribute 'stat_float_times'\n\n\n\n1 error found in test log:\n     386        from mercurial import (\n     387      File \"/spack/opt/spack/linux-ubuntu22.04-x86_64_v4/gcc-11.2.0/mer\n            curial-4.4.1-i2kf4fnp3mbyp6vqs256hslm2sk2iasx/lib/python3.9/site-pa\n            ckages/mercurial/registrar.py\", line 10, in <module>\n     388        from . import (\n     389      File \"/spack/opt/spack/linux-ubuntu22.04-x86_64_v4/gcc-11.2.0/mer\n            curial-4.4.1-i2kf4fnp3mbyp6vqs256hslm2sk2iasx/lib/python3.9/site-pa\n            ckages/mercurial/util.py\", line 174, in <module>\n     390        os.stat_float_times(False)\n     391    AttributeError: module 'os' has no attribute 'stat_float_times'\n  >> 392    FAILED: Command exited with status 1:\n     393        '/spack/opt/spack/linux-ubuntu22.04-x86_64_v4/gcc-11.2.0/python\n            -3.9.13-mgnzob74nbcueiich3dqlgbqwelqnu26/bin/python3.9' '-c' 'impor\n            t hgext.convert'\n     394    Traceback (most recent call last):\n     395      File \"<string>\", line 1, in <module>\n     396      File \"/spack/opt/spack/linux-ubuntu22.04-x86_64_v4/gcc-11.2.0/mer\n            curial-4.4.1-i2kf4fnp3mbyp6vqs256hslm2sk2iasx/lib/python3.9/site-pa\n            ckages/hgext/convert/__init__.py\", line 13, in <module>\n     397        from mercurial import (\n     398      File \"/spack/opt/spack/linux-ubuntu22.04-x86_64_v4/gcc-11.2.0/mer\n            curial-4.4.1-i2kf4fnp3mbyp6vqs256hslm2sk2iasx/lib/python3.9/site-pa\n            ckages/mercurial/registrar.py\", line 10, in <module>\n\n\n\nCommand exited with status 1:\n    '/spack/opt/spack/linux-ubuntu22.04-x86_64_v4/gcc-11.2.0/python-3.9.13-mgnzob74nbcueiich3dqlgbqwelqnu26/bin/python3.9' '-c' 'import mercurial.hgweb'\nTraceback (most recent call last):\n  File \"<string>\", line 1, in <module>\n  File \"/spack/opt/spack/linux-ubuntu22.04-x86_64_v4/gcc-11.2.0/mercurial-4.4.1-i2kf4fnp3mbyp6vqs256hslm2sk2iasx/lib/python3.9/site-packages/mercurial/hgweb/__init__.py\", line 15, in <module>\n    from .. import (\n  File \"/spack/opt/spack/linux-ubuntu22.04-x86_64_v4/gcc-11.2.0/mercurial-4.4.1-i2kf4fnp3mbyp6vqs256hslm2sk2iasx/lib/python3.9/site-packages/mercurial/util.py\", line 174, in <module>\n    os.stat_float_times(False)\nAttributeError: module 'os' has no attribute 'stat_float_times'\n\n\n\n1 error found in test log:\n     462      File \"<string>\", line 1, in <module>\n     463      File \"/spack/opt/spack/linux-ubuntu22.04-x86_64_v4/gcc-11.2.0/mer\n            curial-4.4.1-i2kf4fnp3mbyp6vqs256hslm2sk2iasx/lib/python3.9/site-pa\n            ckages/mercurial/hgweb/__init__.py\", line 15, in <module>\n     464        from .. import (\n     465      File \"/spack/opt/spack/linux-ubuntu22.04-x86_64_v4/gcc-11.2.0/mer\n            curial-4.4.1-i2kf4fnp3mbyp6vqs256hslm2sk2iasx/lib/python3.9/site-pa\n            ckages/mercurial/util.py\", line 174, in <module>\n     466        os.stat_float_times(False)\n     467    AttributeError: module 'os' has no attribute 'stat_float_times'\n  >> 468    FAILED: Command exited with status 1:\n     469        '/spack/opt/spack/linux-ubuntu22.04-x86_64_v4/gcc-11.2.0/python\n            -3.9.13-mgnzob74nbcueiich3dqlgbqwelqnu26/bin/python3.9' '-c' 'impor\n            t mercurial.hgweb'\n     470    Traceback (most recent call last):\n     471      File \"<string>\", line 1, in <module>\n     472      File \"/spack/opt/spack/linux-ubuntu22.04-x86_64_v4/gcc-11.2.0/mer\n            curial-4.4.1-i2kf4fnp3mbyp6vqs256hslm2sk2iasx/lib/python3.9/site-pa\n            ckages/mercurial/hgweb/__init__.py\", line 15, in <module>\n     473        from .. import (\n     474      File \"/spack/opt/spack/linux-ubuntu22.04-x86_64_v4/gcc-11.2.0/mer\n            curial-4.4.1-i2kf4fnp3mbyp6vqs256hslm2sk2iasx/lib/python3.9/site-pa\n            ckages/mercurial/util.py\", line 174, in <module>\n\n\n\n/spack/lib/spack/spack/build_environment.py:1076, in _setup_pkg_and_run:\n       1073        tb_string = traceback.format_exc()\n       1074\n       1075        # build up some context from the offending package so we can\n  >>   1076        # show that, too.\n       1077        package_context = get_package_context(tb)\n       1078\n       1079        logfile = None\n\nSee test log for details:\n  /cache/spack/test/qetxzfrwnwxmv4cmtzdbjvxowkzwrehk/mercurial-4.4.1-i2kf4fn-test-out.txt\n\n==> Error: 1 test(s) in the suite failed.\n\n======================== 1 failed, 0 passed of 1 specs =========================\n",
                    "return_code": 1,
                    "seconds": 3.617230176925659,
                    "prediction": false,
                    "command": "/spack/bin/spack test run /i2kf4f"
                },
                "spliced": {
                    "message": "==> Spack test r2umth3w5lxnpamza7c25ihdo4fftm3m\n==> Testing package mercurial-4.4.1-oavt4qj\n==> Error: TestFailure: 7 tests failed.\n\n\nCommand exited with status 1:\n    '/spack/opt/spack/linux-ubuntu22.04-x86_64_v4/gcc-11.2.0/python-3.9.13-mgnzob74nbcueiich3dqlgbqwelqnu26/bin/python3.9' '-c' 'import hgext.highlight'\nTraceback (most recent call last):\n  File \"<string>\", line 1, in <module>\n  File \"/spack/opt/spack/linux-ubuntu22.04-x86_64_v4/gcc-11.2.0/mercurial-4.4.1-oavt4qjou266x6cvw6ijv6uofvyg7p7b/lib/python3.9/site-packages/hgext/highlight/__init__.py\", line 31, in <module>\n    from . import highlight\n  File \"/spack/opt/spack/linux-ubuntu22.04-x86_64_v4/gcc-11.2.0/mercurial-4.4.1-oavt4qjou266x6cvw6ijv6uofvyg7p7b/lib/python3.9/site-packages/hgext/highlight/highlight.py\", line 16, in <module>\n    from mercurial import (\n  File \"/spack/opt/spack/linux-ubuntu22.04-x86_64_v4/gcc-11.2.0/mercurial-4.4.1-oavt4qjou266x6cvw6ijv6uofvyg7p7b/lib/python3.9/site-packages/mercurial/util.py\", line 174, in <module>\n    os.stat_float_times(False)\nAttributeError: module 'os' has no attribute 'stat_float_times'\n\n\n\n1 error found in test log:\n     11        from . import highlight\n     12      File \"/spack/opt/spack/linux-ubuntu22.04-x86_64_v4/gcc-11.2.0/merc\n           urial-4.4.1-oavt4qjou266x6cvw6ijv6uofvyg7p7b/lib/python3.9/site-pack\n           ages/hgext/highlight/highlight.py\", line 16, in <module>\n     13        from mercurial import (\n     14      File \"/spack/opt/spack/linux-ubuntu22.04-x86_64_v4/gcc-11.2.0/merc\n           urial-4.4.1-oavt4qjou266x6cvw6ijv6uofvyg7p7b/lib/python3.9/site-pack\n           ages/mercurial/util.py\", line 174, in <module>\n     15        os.stat_float_times(False)\n     16    AttributeError: module 'os' has no attribute 'stat_float_times'\n  >> 17    FAILED: Command exited with status 1:\n     18        '/spack/opt/spack/linux-ubuntu22.04-x86_64_v4/gcc-11.2.0/python-\n           3.9.13-mgnzob74nbcueiich3dqlgbqwelqnu26/bin/python3.9' '-c' 'import \n           hgext.highlight'\n     19    Traceback (most recent call last):\n     20      File \"<string>\", line 1, in <module>\n     21      File \"/spack/opt/spack/linux-ubuntu22.04-x86_64_v4/gcc-11.2.0/merc\n           urial-4.4.1-oavt4qjou266x6cvw6ijv6uofvyg7p7b/lib/python3.9/site-pack\n           ages/hgext/highlight/__init__.py\", line 31, in <module>\n     22        from . import highlight\n     23      File \"/spack/opt/spack/linux-ubuntu22.04-x86_64_v4/gcc-11.2.0/merc\n           urial-4.4.1-oavt4qjou266x6cvw6ijv6uofvyg7p7b/lib/python3.9/site-pack\n           ages/hgext/highlight/highlight.py\", line 16, in <module>\n\n\n\nCommand exited with status 1:\n    '/spack/opt/spack/linux-ubuntu22.04-x86_64_v4/gcc-11.2.0/python-3.9.13-mgnzob74nbcueiich3dqlgbqwelqnu26/bin/python3.9' '-c' 'import hgext.largefiles'\nTraceback (most recent call last):\n  File \"<string>\", line 1, in <module>\n  File \"/spack/opt/spack/linux-ubuntu22.04-x86_64_v4/gcc-11.2.0/mercurial-4.4.1-oavt4qjou266x6cvw6ijv6uofvyg7p7b/lib/python3.9/site-packages/hgext/largefiles/__init__.py\", line 109, in <module>\n    from mercurial import (\n  File \"/spack/opt/spack/linux-ubuntu22.04-x86_64_v4/gcc-11.2.0/mercurial-4.4.1-oavt4qjou266x6cvw6ijv6uofvyg7p7b/lib/python3.9/site-packages/mercurial/hg.py\", line 19, in <module>\n    from . import (\n  File \"/spack/opt/spack/linux-ubuntu22.04-x86_64_v4/gcc-11.2.0/mercurial-4.4.1-oavt4qjou266x6cvw6ijv6uofvyg7p7b/lib/python3.9/site-packages/mercurial/bookmarks.py\", line 18, in <module>\n    from . import (\n  File \"/spack/opt/spack/linux-ubuntu22.04-x86_64_v4/gcc-11.2.0/mercurial-4.4.1-oavt4qjou266x6cvw6ijv6uofvyg7p7b/lib/python3.9/site-packages/mercurial/lock.py\", line 17, in <module>\n    from . import (\n  File \"/spack/opt/spack/linux-ubuntu22.04-x86_64_v4/gcc-11.2.0/mercurial-4.4.1-oavt4qjou266x6cvw6ijv6uofvyg7p7b/lib/python3.9/site-packages/mercurial/util.py\", line 174, in <module>\n    os.stat_float_times(False)\nAttributeError: module 'os' has no attribute 'stat_float_times'\n\n\n\n1 error found in test log:\n     78        from . import (\n     79      File \"/spack/opt/spack/linux-ubuntu22.04-x86_64_v4/gcc-11.2.0/merc\n           urial-4.4.1-oavt4qjou266x6cvw6ijv6uofvyg7p7b/lib/python3.9/site-pack\n           ages/mercurial/lock.py\", line 17, in <module>\n     80        from . import (\n     81      File \"/spack/opt/spack/linux-ubuntu22.04-x86_64_v4/gcc-11.2.0/merc\n           urial-4.4.1-oavt4qjou266x6cvw6ijv6uofvyg7p7b/lib/python3.9/site-pack\n           ages/mercurial/util.py\", line 174, in <module>\n     82        os.stat_float_times(False)\n     83    AttributeError: module 'os' has no attribute 'stat_float_times'\n  >> 84    FAILED: Command exited with status 1:\n     85        '/spack/opt/spack/linux-ubuntu22.04-x86_64_v4/gcc-11.2.0/python-\n           3.9.13-mgnzob74nbcueiich3dqlgbqwelqnu26/bin/python3.9' '-c' 'import \n           hgext.largefiles'\n     86    Traceback (most recent call last):\n     87      File \"<string>\", line 1, in <module>\n     88      File \"/spack/opt/spack/linux-ubuntu22.04-x86_64_v4/gcc-11.2.0/merc\n           urial-4.4.1-oavt4qjou266x6cvw6ijv6uofvyg7p7b/lib/python3.9/site-pack\n           ages/hgext/largefiles/__init__.py\", line 109, in <module>\n     89        from mercurial import (\n     90      File \"/spack/opt/spack/linux-ubuntu22.04-x86_64_v4/gcc-11.2.0/merc\n           urial-4.4.1-oavt4qjou266x6cvw6ijv6uofvyg7p7b/lib/python3.9/site-pack\n           ages/mercurial/hg.py\", line 19, in <module>\n\n\n\nCommand exited with status 1:\n    '/spack/opt/spack/linux-ubuntu22.04-x86_64_v4/gcc-11.2.0/python-3.9.13-mgnzob74nbcueiich3dqlgbqwelqnu26/bin/python3.9' '-c' 'import hgext.fsmonitor'\nTraceback (most recent call last):\n  File \"<string>\", line 1, in <module>\n  File \"/spack/opt/spack/linux-ubuntu22.04-x86_64_v4/gcc-11.2.0/mercurial-4.4.1-oavt4qjou266x6cvw6ijv6uofvyg7p7b/lib/python3.9/site-packages/hgext/fsmonitor/__init__.py\", line 123, in <module>\n    from mercurial import (\n  File \"/spack/opt/spack/linux-ubuntu22.04-x86_64_v4/gcc-11.2.0/mercurial-4.4.1-oavt4qjou266x6cvw6ijv6uofvyg7p7b/lib/python3.9/site-packages/mercurial/context.py\", line 32, in <module>\n    from . import (\n  File \"/spack/opt/spack/linux-ubuntu22.04-x86_64_v4/gcc-11.2.0/mercurial-4.4.1-oavt4qjou266x6cvw6ijv6uofvyg7p7b/lib/python3.9/site-packages/mercurial/fileset.py\", line 13, in <module>\n    from . import (\n  File \"/spack/opt/spack/linux-ubuntu22.04-x86_64_v4/gcc-11.2.0/mercurial-4.4.1-oavt4qjou266x6cvw6ijv6uofvyg7p7b/lib/python3.9/site-packages/mercurial/merge.py\", line 25, in <module>\n    from . import (\n  File \"/spack/opt/spack/linux-ubuntu22.04-x86_64_v4/gcc-11.2.0/mercurial-4.4.1-oavt4qjou266x6cvw6ijv6uofvyg7p7b/lib/python3.9/site-packages/mercurial/copies.py\", line 16, in <module>\n    from . import (\n  File \"/spack/opt/spack/linux-ubuntu22.04-x86_64_v4/gcc-11.2.0/mercurial-4.4.1-oavt4qjou266x6cvw6ijv6uofvyg7p7b/lib/python3.9/site-packages/mercurial/match.py\", line 15, in <module>\n    from . import (\n  File \"/spack/opt/spack/linux-ubuntu22.04-x86_64_v4/gcc-11.2.0/mercurial-4.4.1-oavt4qjou266x6cvw6ijv6uofvyg7p7b/lib/python3.9/site-packages/mercurial/pathutil.py\", line 9, in <module>\n    from . import (\n  File \"/spack/opt/spack/linux-ubuntu22.04-x86_64_v4/gcc-11.2.0/mercurial-4.4.1-oavt4qjou266x6cvw6ijv6uofvyg7p7b/lib/python3.9/site-packages/mercurial/util.py\", line 174, in <module>\n    os.stat_float_times(False)\nAttributeError: module 'os' has no attribute 'stat_float_times'\n\n\n\n1 error found in test log:\n     155        from . import (\n     156      File \"/spack/opt/spack/linux-ubuntu22.04-x86_64_v4/gcc-11.2.0/mer\n            curial-4.4.1-oavt4qjou266x6cvw6ijv6uofvyg7p7b/lib/python3.9/site-pa\n            ckages/mercurial/pathutil.py\", line 9, in <module>\n     157        from . import (\n     158      File \"/spack/opt/spack/linux-ubuntu22.04-x86_64_v4/gcc-11.2.0/mer\n            curial-4.4.1-oavt4qjou266x6cvw6ijv6uofvyg7p7b/lib/python3.9/site-pa\n            ckages/mercurial/util.py\", line 174, in <module>\n     159        os.stat_float_times(False)\n     160    AttributeError: module 'os' has no attribute 'stat_float_times'\n  >> 161    FAILED: Command exited with status 1:\n     162        '/spack/opt/spack/linux-ubuntu22.04-x86_64_v4/gcc-11.2.0/python\n            -3.9.13-mgnzob74nbcueiich3dqlgbqwelqnu26/bin/python3.9' '-c' 'impor\n            t hgext.fsmonitor'\n     163    Traceback (most recent call last):\n     164      File \"<string>\", line 1, in <module>\n     165      File \"/spack/opt/spack/linux-ubuntu22.04-x86_64_v4/gcc-11.2.0/mer\n            curial-4.4.1-oavt4qjou266x6cvw6ijv6uofvyg7p7b/lib/python3.9/site-pa\n            ckages/hgext/fsmonitor/__init__.py\", line 123, in <module>\n     166        from mercurial import (\n     167      File \"/spack/opt/spack/linux-ubuntu22.04-x86_64_v4/gcc-11.2.0/mer\n            curial-4.4.1-oavt4qjou266x6cvw6ijv6uofvyg7p7b/lib/python3.9/site-pa\n            ckages/mercurial/context.py\", line 32, in <module>\n\n\n\nCommand exited with status 1:\n    '/spack/opt/spack/linux-ubuntu22.04-x86_64_v4/gcc-11.2.0/python-3.9.13-mgnzob74nbcueiich3dqlgbqwelqnu26/bin/python3.9' '-c' 'import hgext.fsmonitor.pywatchman'\nTraceback (most recent call last):\n  File \"<string>\", line 1, in <module>\n  File \"/spack/opt/spack/linux-ubuntu22.04-x86_64_v4/gcc-11.2.0/mercurial-4.4.1-oavt4qjou266x6cvw6ijv6uofvyg7p7b/lib/python3.9/site-packages/hgext/fsmonitor/__init__.py\", line 123, in <module>\n    from mercurial import (\n  File \"/spack/opt/spack/linux-ubuntu22.04-x86_64_v4/gcc-11.2.0/mercurial-4.4.1-oavt4qjou266x6cvw6ijv6uofvyg7p7b/lib/python3.9/site-packages/mercurial/context.py\", line 32, in <module>\n    from . import (\n  File \"/spack/opt/spack/linux-ubuntu22.04-x86_64_v4/gcc-11.2.0/mercurial-4.4.1-oavt4qjou266x6cvw6ijv6uofvyg7p7b/lib/python3.9/site-packages/mercurial/fileset.py\", line 13, in <module>\n    from . import (\n  File \"/spack/opt/spack/linux-ubuntu22.04-x86_64_v4/gcc-11.2.0/mercurial-4.4.1-oavt4qjou266x6cvw6ijv6uofvyg7p7b/lib/python3.9/site-packages/mercurial/merge.py\", line 25, in <module>\n    from . import (\n  File \"/spack/opt/spack/linux-ubuntu22.04-x86_64_v4/gcc-11.2.0/mercurial-4.4.1-oavt4qjou266x6cvw6ijv6uofvyg7p7b/lib/python3.9/site-packages/mercurial/copies.py\", line 16, in <module>\n    from . import (\n  File \"/spack/opt/spack/linux-ubuntu22.04-x86_64_v4/gcc-11.2.0/mercurial-4.4.1-oavt4qjou266x6cvw6ijv6uofvyg7p7b/lib/python3.9/site-packages/mercurial/match.py\", line 15, in <module>\n    from . import (\n  File \"/spack/opt/spack/linux-ubuntu22.04-x86_64_v4/gcc-11.2.0/mercurial-4.4.1-oavt4qjou266x6cvw6ijv6uofvyg7p7b/lib/python3.9/site-packages/mercurial/pathutil.py\", line 9, in <module>\n    from . import (\n  File \"/spack/opt/spack/linux-ubuntu22.04-x86_64_v4/gcc-11.2.0/mercurial-4.4.1-oavt4qjou266x6cvw6ijv6uofvyg7p7b/lib/python3.9/site-packages/mercurial/util.py\", line 174, in <module>\n    os.stat_float_times(False)\nAttributeError: module 'os' has no attribute 'stat_float_times'\n\n\n\n1 error found in test log:\n     238        from . import (\n     239      File \"/spack/opt/spack/linux-ubuntu22.04-x86_64_v4/gcc-11.2.0/mer\n            curial-4.4.1-oavt4qjou266x6cvw6ijv6uofvyg7p7b/lib/python3.9/site-pa\n            ckages/mercurial/pathutil.py\", line 9, in <module>\n     240        from . import (\n     241      File \"/spack/opt/spack/linux-ubuntu22.04-x86_64_v4/gcc-11.2.0/mer\n            curial-4.4.1-oavt4qjou266x6cvw6ijv6uofvyg7p7b/lib/python3.9/site-pa\n            ckages/mercurial/util.py\", line 174, in <module>\n     242        os.stat_float_times(False)\n     243    AttributeError: module 'os' has no attribute 'stat_float_times'\n  >> 244    FAILED: Command exited with status 1:\n     245        '/spack/opt/spack/linux-ubuntu22.04-x86_64_v4/gcc-11.2.0/python\n            -3.9.13-mgnzob74nbcueiich3dqlgbqwelqnu26/bin/python3.9' '-c' 'impor\n            t hgext.fsmonitor.pywatchman'\n     246    Traceback (most recent call last):\n     247      File \"<string>\", line 1, in <module>\n     248      File \"/spack/opt/spack/linux-ubuntu22.04-x86_64_v4/gcc-11.2.0/mer\n            curial-4.4.1-oavt4qjou266x6cvw6ijv6uofvyg7p7b/lib/python3.9/site-pa\n            ckages/hgext/fsmonitor/__init__.py\", line 123, in <module>\n     249        from mercurial import (\n     250      File \"/spack/opt/spack/linux-ubuntu22.04-x86_64_v4/gcc-11.2.0/mer\n            curial-4.4.1-oavt4qjou266x6cvw6ijv6uofvyg7p7b/lib/python3.9/site-pa\n            ckages/mercurial/context.py\", line 32, in <module>\n\n\n\nCommand exited with status 1:\n    '/spack/opt/spack/linux-ubuntu22.04-x86_64_v4/gcc-11.2.0/python-3.9.13-mgnzob74nbcueiich3dqlgbqwelqnu26/bin/python3.9' '-c' 'import hgext.zeroconf'\nTraceback (most recent call last):\n  File \"<string>\", line 1, in <module>\n  File \"/spack/opt/spack/linux-ubuntu22.04-x86_64_v4/gcc-11.2.0/mercurial-4.4.1-oavt4qjou266x6cvw6ijv6uofvyg7p7b/lib/python3.9/site-packages/hgext/zeroconf/__init__.py\", line 32, in <module>\n    from mercurial import (\n  File \"/spack/opt/spack/linux-ubuntu22.04-x86_64_v4/gcc-11.2.0/mercurial-4.4.1-oavt4qjou266x6cvw6ijv6uofvyg7p7b/lib/python3.9/site-packages/mercurial/dispatch.py\", line 24, in <module>\n    from . import (\n  File \"/spack/opt/spack/linux-ubuntu22.04-x86_64_v4/gcc-11.2.0/mercurial-4.4.1-oavt4qjou266x6cvw6ijv6uofvyg7p7b/lib/python3.9/site-packages/mercurial/cmdutil.py\", line 24, in <module>\n    from . import (\n  File \"/spack/opt/spack/linux-ubuntu22.04-x86_64_v4/gcc-11.2.0/mercurial-4.4.1-oavt4qjou266x6cvw6ijv6uofvyg7p7b/lib/python3.9/site-packages/mercurial/bookmarks.py\", line 18, in <module>\n    from . import (\n  File \"/spack/opt/spack/linux-ubuntu22.04-x86_64_v4/gcc-11.2.0/mercurial-4.4.1-oavt4qjou266x6cvw6ijv6uofvyg7p7b/lib/python3.9/site-packages/mercurial/lock.py\", line 17, in <module>\n    from . import (\n  File \"/spack/opt/spack/linux-ubuntu22.04-x86_64_v4/gcc-11.2.0/mercurial-4.4.1-oavt4qjou266x6cvw6ijv6uofvyg7p7b/lib/python3.9/site-packages/mercurial/util.py\", line 174, in <module>\n    os.stat_float_times(False)\nAttributeError: module 'os' has no attribute 'stat_float_times'\n\n\n\n1 error found in test log:\n     317        from . import (\n     318      File \"/spack/opt/spack/linux-ubuntu22.04-x86_64_v4/gcc-11.2.0/mer\n            curial-4.4.1-oavt4qjou266x6cvw6ijv6uofvyg7p7b/lib/python3.9/site-pa\n            ckages/mercurial/lock.py\", line 17, in <module>\n     319        from . import (\n     320      File \"/spack/opt/spack/linux-ubuntu22.04-x86_64_v4/gcc-11.2.0/mer\n            curial-4.4.1-oavt4qjou266x6cvw6ijv6uofvyg7p7b/lib/python3.9/site-pa\n            ckages/mercurial/util.py\", line 174, in <module>\n     321        os.stat_float_times(False)\n     322    AttributeError: module 'os' has no attribute 'stat_float_times'\n  >> 323    FAILED: Command exited with status 1:\n     324        '/spack/opt/spack/linux-ubuntu22.04-x86_64_v4/gcc-11.2.0/python\n            -3.9.13-mgnzob74nbcueiich3dqlgbqwelqnu26/bin/python3.9' '-c' 'impor\n            t hgext.zeroconf'\n     325    Traceback (most recent call last):\n     326      File \"<string>\", line 1, in <module>\n     327      File \"/spack/opt/spack/linux-ubuntu22.04-x86_64_v4/gcc-11.2.0/mer\n            curial-4.4.1-oavt4qjou266x6cvw6ijv6uofvyg7p7b/lib/python3.9/site-pa\n            ckages/hgext/zeroconf/__init__.py\", line 32, in <module>\n     328        from mercurial import (\n     329      File \"/spack/opt/spack/linux-ubuntu22.04-x86_64_v4/gcc-11.2.0/mer\n            curial-4.4.1-oavt4qjou266x6cvw6ijv6uofvyg7p7b/lib/python3.9/site-pa\n            ckages/mercurial/dispatch.py\", line 24, in <module>\n\n\n\nCommand exited with status 1:\n    '/spack/opt/spack/linux-ubuntu22.04-x86_64_v4/gcc-11.2.0/python-3.9.13-mgnzob74nbcueiich3dqlgbqwelqnu26/bin/python3.9' '-c' 'import hgext.convert'\nTraceback (most recent call last):\n  File \"<string>\", line 1, in <module>\n  File \"/spack/opt/spack/linux-ubuntu22.04-x86_64_v4/gcc-11.2.0/mercurial-4.4.1-oavt4qjou266x6cvw6ijv6uofvyg7p7b/lib/python3.9/site-packages/hgext/convert/__init__.py\", line 13, in <module>\n    from mercurial import (\n  File \"/spack/opt/spack/linux-ubuntu22.04-x86_64_v4/gcc-11.2.0/mercurial-4.4.1-oavt4qjou266x6cvw6ijv6uofvyg7p7b/lib/python3.9/site-packages/mercurial/registrar.py\", line 10, in <module>\n    from . import (\n  File \"/spack/opt/spack/linux-ubuntu22.04-x86_64_v4/gcc-11.2.0/mercurial-4.4.1-oavt4qjou266x6cvw6ijv6uofvyg7p7b/lib/python3.9/site-packages/mercurial/util.py\", line 174, in <module>\n    os.stat_float_times(False)\nAttributeError: module 'os' has no attribute 'stat_float_times'\n\n\n\n1 error found in test log:\n     386        from mercurial import (\n     387      File \"/spack/opt/spack/linux-ubuntu22.04-x86_64_v4/gcc-11.2.0/mer\n            curial-4.4.1-oavt4qjou266x6cvw6ijv6uofvyg7p7b/lib/python3.9/site-pa\n            ckages/mercurial/registrar.py\", line 10, in <module>\n     388        from . import (\n     389      File \"/spack/opt/spack/linux-ubuntu22.04-x86_64_v4/gcc-11.2.0/mer\n            curial-4.4.1-oavt4qjou266x6cvw6ijv6uofvyg7p7b/lib/python3.9/site-pa\n            ckages/mercurial/util.py\", line 174, in <module>\n     390        os.stat_float_times(False)\n     391    AttributeError: module 'os' has no attribute 'stat_float_times'\n  >> 392    FAILED: Command exited with status 1:\n     393        '/spack/opt/spack/linux-ubuntu22.04-x86_64_v4/gcc-11.2.0/python\n            -3.9.13-mgnzob74nbcueiich3dqlgbqwelqnu26/bin/python3.9' '-c' 'impor\n            t hgext.convert'\n     394    Traceback (most recent call last):\n     395      File \"<string>\", line 1, in <module>\n     396      File \"/spack/opt/spack/linux-ubuntu22.04-x86_64_v4/gcc-11.2.0/mer\n            curial-4.4.1-oavt4qjou266x6cvw6ijv6uofvyg7p7b/lib/python3.9/site-pa\n            ckages/hgext/convert/__init__.py\", line 13, in <module>\n     397        from mercurial import (\n     398      File \"/spack/opt/spack/linux-ubuntu22.04-x86_64_v4/gcc-11.2.0/mer\n            curial-4.4.1-oavt4qjou266x6cvw6ijv6uofvyg7p7b/lib/python3.9/site-pa\n            ckages/mercurial/registrar.py\", line 10, in <module>\n\n\n\nCommand exited with status 1:\n    '/spack/opt/spack/linux-ubuntu22.04-x86_64_v4/gcc-11.2.0/python-3.9.13-mgnzob74nbcueiich3dqlgbqwelqnu26/bin/python3.9' '-c' 'import mercurial.hgweb'\nTraceback (most recent call last):\n  File \"<string>\", line 1, in <module>\n  File \"/spack/opt/spack/linux-ubuntu22.04-x86_64_v4/gcc-11.2.0/mercurial-4.4.1-oavt4qjou266x6cvw6ijv6uofvyg7p7b/lib/python3.9/site-packages/mercurial/hgweb/__init__.py\", line 15, in <module>\n    from .. import (\n  File \"/spack/opt/spack/linux-ubuntu22.04-x86_64_v4/gcc-11.2.0/mercurial-4.4.1-oavt4qjou266x6cvw6ijv6uofvyg7p7b/lib/python3.9/site-packages/mercurial/util.py\", line 174, in <module>\n    os.stat_float_times(False)\nAttributeError: module 'os' has no attribute 'stat_float_times'\n\n\n\n1 error found in test log:\n     462      File \"<string>\", line 1, in <module>\n     463      File \"/spack/opt/spack/linux-ubuntu22.04-x86_64_v4/gcc-11.2.0/mer\n            curial-4.4.1-oavt4qjou266x6cvw6ijv6uofvyg7p7b/lib/python3.9/site-pa\n            ckages/mercurial/hgweb/__init__.py\", line 15, in <module>\n     464        from .. import (\n     465      File \"/spack/opt/spack/linux-ubuntu22.04-x86_64_v4/gcc-11.2.0/mer\n            curial-4.4.1-oavt4qjou266x6cvw6ijv6uofvyg7p7b/lib/python3.9/site-pa\n            ckages/mercurial/util.py\", line 174, in <module>\n     466        os.stat_float_times(False)\n     467    AttributeError: module 'os' has no attribute 'stat_float_times'\n  >> 468    FAILED: Command exited with status 1:\n     469        '/spack/opt/spack/linux-ubuntu22.04-x86_64_v4/gcc-11.2.0/python\n            -3.9.13-mgnzob74nbcueiich3dqlgbqwelqnu26/bin/python3.9' '-c' 'impor\n            t mercurial.hgweb'\n     470    Traceback (most recent call last):\n     471      File \"<string>\", line 1, in <module>\n     472      File \"/spack/opt/spack/linux-ubuntu22.04-x86_64_v4/gcc-11.2.0/mer\n            curial-4.4.1-oavt4qjou266x6cvw6ijv6uofvyg7p7b/lib/python3.9/site-pa\n            ckages/mercurial/hgweb/__init__.py\", line 15, in <module>\n     473        from .. import (\n     474      File \"/spack/opt/spack/linux-ubuntu22.04-x86_64_v4/gcc-11.2.0/mer\n            curial-4.4.1-oavt4qjou266x6cvw6ijv6uofvyg7p7b/lib/python3.9/site-pa\n            ckages/mercurial/util.py\", line 174, in <module>\n\n\n\n/spack/lib/spack/spack/build_environment.py:1076, in _setup_pkg_and_run:\n       1073        tb_string = traceback.format_exc()\n       1074\n       1075        # build up some context from the offending package so we can\n  >>   1076        # show that, too.\n       1077        package_context = get_package_context(tb)\n       1078\n       1079        logfile = None\n\nSee test log for details:\n  /cache/spack/test/r2umth3w5lxnpamza7c25ihdo4fftm3m/mercurial-4.4.1-oavt4qj-test-out.txt\n\n==> Error: 1 test(s) in the suite failed.\n\n======================== 1 failed, 0 passed of 1 specs =========================\n",
                    "return_code": 1,
                    "seconds": 3.5812792778015137,
                    "prediction": false,
                    "command": "/spack/bin/spack test run /oavt4q"
                }
            }
        },
        "stats": {
            "sizes_bytes": {
                "/spack/opt/spack/linux-ubuntu22.04-x86_64_v4/gcc-11.2.0/mercurial-4.4.1-oavt4qjou266x6cvw6ijv6uofvyg7p7b/lib/python3.9/site-packages/mercurial/zstd.cpython-39-x86_64-linux-gnu.so": 2110576,
                "/spack/opt/spack/linux-ubuntu22.04-x86_64_v4/gcc-11.2.0/mercurial-4.4.1-oavt4qjou266x6cvw6ijv6uofvyg7p7b/lib/python3.9/site-packages/mercurial/cext/base85.cpython-39-x86_64-linux-gnu.so": 30688,
                "/spack/opt/spack/linux-ubuntu22.04-x86_64_v4/gcc-11.2.0/mercurial-4.4.1-i2kf4fnp3mbyp6vqs256hslm2sk2iasx/lib/python3.9/site-packages/mercurial/zstd.cpython-39-x86_64-linux-gnu.so": 2110576,
                "/spack/opt/spack/linux-ubuntu22.04-x86_64_v4/gcc-11.2.0/mercurial-4.4.1-i2kf4fnp3mbyp6vqs256hslm2sk2iasx/lib/python3.9/site-packages/mercurial/cext/osutil.cpython-39-x86_64-linux-gnu.so": 53936,
                "/spack/opt/spack/linux-ubuntu22.04-x86_64_v4/gcc-11.2.0/mercurial-4.4.1-i2kf4fnp3mbyp6vqs256hslm2sk2iasx/lib/python3.9/site-packages/mercurial/cext/parsers.cpython-39-x86_64-linux-gnu.so": 326360,
                "/spack/opt/spack/linux-ubuntu22.04-x86_64_v4/gcc-11.2.0/mercurial-4.4.1-i2kf4fnp3mbyp6vqs256hslm2sk2iasx/lib/python3.9/site-packages/mercurial/cext/diffhelpers.cpython-39-x86_64-linux-gnu.so": 31968,
                "/spack/opt/spack/linux-ubuntu22.04-x86_64_v4/gcc-11.2.0/mercurial-4.4.1-i2kf4fnp3mbyp6vqs256hslm2sk2iasx/lib/python3.9/site-packages/mercurial/cext/base85.cpython-39-x86_64-linux-gnu.so": 30688,
                "/spack/opt/spack/linux-ubuntu22.04-x86_64_v4/gcc-11.2.0/mercurial-4.4.1-oavt4qjou266x6cvw6ijv6uofvyg7p7b/lib/python3.9/site-packages/mercurial/cext/bdiff.cpython-39-x86_64-linux-gnu.so": 48512,
                "/spack/opt/spack/linux-ubuntu22.04-x86_64_v4/gcc-11.2.0/mercurial-4.4.1-oavt4qjou266x6cvw6ijv6uofvyg7p7b/lib/python3.9/site-packages/mercurial/cext/osutil.cpython-39-x86_64-linux-gnu.so": 53936,
                "/spack/opt/spack/linux-ubuntu22.04-x86_64_v4/gcc-11.2.0/mercurial-4.4.1-oavt4qjou266x6cvw6ijv6uofvyg7p7b/lib/python3.9/site-packages/mercurial/cext/mpatch.cpython-39-x86_64-linux-gnu.so": 40272,
                "/spack/opt/spack/linux-ubuntu22.04-x86_64_v4/gcc-11.2.0/mercurial-4.4.1-oavt4qjou266x6cvw6ijv6uofvyg7p7b/lib/python3.9/site-packages/hgext/fsmonitor/pywatchman/bser.cpython-39-x86_64-linux-gnu.so": 81632,
                "/spack/opt/spack/linux-ubuntu22.04-x86_64_v4/gcc-11.2.0/mercurial-4.4.1-oavt4qjou266x6cvw6ijv6uofvyg7p7b/lib/python3.9/site-packages/mercurial/cext/parsers.cpython-39-x86_64-linux-gnu.so": 326360,
                "/spack/opt/spack/linux-ubuntu22.04-x86_64_v4/gcc-11.2.0/mercurial-4.4.1-i2kf4fnp3mbyp6vqs256hslm2sk2iasx/lib/python3.9/site-packages/mercurial/cext/mpatch.cpython-39-x86_64-linux-gnu.so": 40272,
                "/spack/opt/spack/linux-ubuntu22.04-x86_64_v4/gcc-11.2.0/mercurial-4.4.1-oavt4qjou266x6cvw6ijv6uofvyg7p7b/lib/python3.9/site-packages/mercurial/cext/diffhelpers.cpython-39-x86_64-linux-gnu.so": 31968,
                "/spack/opt/spack/linux-ubuntu22.04-x86_64_v4/gcc-11.2.0/mercurial-4.4.1-i2kf4fnp3mbyp6vqs256hslm2sk2iasx/lib/python3.9/site-packages/mercurial/cext/bdiff.cpython-39-x86_64-linux-gnu.so": 48512,
                "/spack/opt/spack/linux-ubuntu22.04-x86_64_v4/gcc-11.2.0/mercurial-4.4.1-i2kf4fnp3mbyp6vqs256hslm2sk2iasx/lib/python3.9/site-packages/hgext/fsmonitor/pywatchman/bser.cpython-39-x86_64-linux-gnu.so": 81632,
                "/lib/x86_64-linux-gnu/libc.so.6": 2216304
            }
        },
        "experiment": "mercurial",
        "result": "splice-success",
        "success": true,
        "splice": "python@3.9.13",
        "package": "mercurial@4.4.1",
        "different_libs": false
    }
]