[
    {
        "specs": {
            "original": "arborx@master%gcc@11.2.0~cuda~ipo+mpi~openmp~rocm+serial~sycl~trilinos build_type=RelWithDebInfo arch=linux-ubuntu22.04-haswell ^autoconf@2.71%gcc@11.2.0 arch=linux-ubuntu22.04-haswell ^automake@1.16.5%gcc@11.2.0 arch=linux-ubuntu22.04-haswell ^berkeley-db@18.1.40%gcc@11.2.0+cxx~docs+stl patches=b231fcc arch=linux-ubuntu22.04-haswell ^bison@3.8.2%gcc@11.2.0 arch=linux-ubuntu22.04-haswell ^bzip2@1.0.8%gcc@11.2.0~debug~pic+shared arch=linux-ubuntu22.04-haswell ^ca-certificates-mozilla@2022-03-29%gcc@11.2.0 arch=linux-ubuntu22.04-haswell ^cmake@3.23.2%gcc@11.2.0~doc+ncurses+ownlibs~qt build_type=Release arch=linux-ubuntu22.04-haswell ^diffutils@3.8%gcc@11.2.0 arch=linux-ubuntu22.04-haswell ^gdbm@1.19%gcc@11.2.0 arch=linux-ubuntu22.04-haswell ^gettext@0.21%gcc@11.2.0+bzip2+curses+git~libunistring+libxml2+tar+xz arch=linux-ubuntu22.04-haswell ^hwloc@2.7.1%gcc@11.2.0~cairo~cuda~gl~libudev+libxml2~netloc~nvml~oneapi-level-zero~opencl+pci~rocm+shared arch=linux-ubuntu22.04-haswell ^kokkos@3.6.01%gcc@11.2.0~aggressive_vectorization~compiler_warnings~cuda~cuda_constexpr~cuda_lambda~cuda_ldg_intrinsic~cuda_relocatable_device_code~cuda_uvm~debug~debug_bounds_check~debug_dualview_modify_check~deprecated_code~examples~explicit_instantiation~hpx~hpx_async_dispatch~hwloc~ipo~memkind~numactl~openmp~openmptarget~pic+profiling~profiling_load_print~pthread~qthread~rocm+serial+shared~sycl~tests~tuning~wrapper build_type=RelWithDebInfo intel_gpu_arch=none std=14 arch=linux-ubuntu22.04-haswell ^krb5@1.19.3%gcc@11.2.0+shared arch=linux-ubuntu22.04-haswell ^libedit@3.1-20210216%gcc@11.2.0 arch=linux-ubuntu22.04-haswell ^libevent@2.1.12%gcc@11.2.0+openssl arch=linux-ubuntu22.04-haswell ^libiconv@1.16%gcc@11.2.0 libs=shared,static arch=linux-ubuntu22.04-haswell ^libpciaccess@0.16%gcc@11.2.0 arch=linux-ubuntu22.04-haswell ^libsigsegv@2.13%gcc@11.2.0 arch=linux-ubuntu22.04-haswell ^libtool@2.4.7%gcc@11.2.0 arch=linux-ubuntu22.04-haswell ^libxml2@2.9.13%gcc@11.2.0~python arch=linux-ubuntu22.04-haswell ^m4@1.4.19%gcc@11.2.0+sigsegv patches=9dc5fbd,bfdffa7 arch=linux-ubuntu22.04-haswell ^ncurses@6.2%gcc@11.2.0~symlinks+termlib abi=none arch=linux-ubuntu22.04-haswell ^numactl@2.0.14%gcc@11.2.0 patches=4e1d78c,62fc8a8,ff37630 arch=linux-ubuntu22.04-haswell ^openmpi@4.1.4%gcc@11.2.0~atomics~cuda~cxx~cxx_exceptions~gpfs~internal-hwloc~java~legacylaunchers~lustre~memchecker~pmi+romio+rsh~singularity+static+vt+wrapper-rpath fabrics=none schedulers=none arch=linux-ubuntu22.04-haswell ^openssh@9.0p1%gcc@11.2.0+gssapi arch=linux-ubuntu22.04-haswell ^openssl@1.1.1q%gcc@11.2.0~docs~shared certs=mozilla patches=3fdcf2d arch=linux-ubuntu22.04-haswell ^perl@5.34.1%gcc@11.2.0+cpanm+shared+threads arch=linux-ubuntu22.04-haswell ^pigz@2.7%gcc@11.2.0 arch=linux-ubuntu22.04-haswell ^pkgconf@1.8.0%gcc@11.2.0 arch=linux-ubuntu22.04-haswell ^pmix@4.1.2%gcc@11.2.0~docs+pmi_backwards_compatibility~restful arch=linux-ubuntu22.04-haswell ^readline@8.1.2%gcc@11.2.0 arch=linux-ubuntu22.04-haswell ^tar@1.34%gcc@11.2.0 zip=pigz arch=linux-ubuntu22.04-haswell ^util-macros@1.19.3%gcc@11.2.0 arch=linux-ubuntu22.04-haswell ^xz@5.2.5%gcc@11.2.0~pic libs=shared,static arch=linux-ubuntu22.04-haswell ^zlib@1.2.12%gcc@11.2.0+optimize+pic+shared patches=0d38234 arch=linux-ubuntu22.04-haswell ^zstd@1.5.2%gcc@11.2.0+programs compression=none libs=shared,static arch=linux-ubuntu22.04-haswell",
            "spliced": "arborx@master%gcc@11.2.0~cuda~ipo+mpi~openmp~rocm+serial~sycl~trilinos build_type=RelWithDebInfo arch=linux-ubuntu22.04-haswell ^autoconf@2.71%gcc@11.2.0 arch=linux-ubuntu22.04-haswell ^automake@1.16.5%gcc@11.2.0 arch=linux-ubuntu22.04-haswell ^berkeley-db@18.1.40%gcc@11.2.0+cxx~docs+stl patches=b231fcc arch=linux-ubuntu22.04-haswell ^bison@3.8.2%gcc@11.2.0 arch=linux-ubuntu22.04-haswell ^bzip2@1.0.8%gcc@11.2.0~debug~pic+shared arch=linux-ubuntu22.04-haswell ^ca-certificates-mozilla@2022-03-29%gcc@11.2.0 arch=linux-ubuntu22.04-haswell ^cmake@3.23.2%gcc@11.2.0~doc+ncurses+ownlibs~qt build_type=Release arch=linux-ubuntu22.04-haswell ^diffutils@3.8%gcc@11.2.0 arch=linux-ubuntu22.04-haswell ^gdbm@1.19%gcc@11.2.0 arch=linux-ubuntu22.04-haswell ^gettext@0.21%gcc@11.2.0+bzip2+curses+git~libunistring+libxml2+tar+xz arch=linux-ubuntu22.04-haswell ^hwloc@2.7.1%gcc@11.2.0~cairo~cuda~gl~libudev+libxml2~netloc~nvml~oneapi-level-zero~opencl+pci~rocm+shared arch=linux-ubuntu22.04-haswell ^kokkos@3.4.01%gcc@11.2.0~aggressive_vectorization~compiler_warnings~cuda~cuda_constexpr~cuda_lambda~cuda_ldg_intrinsic~cuda_relocatable_device_code~cuda_uvm~debug~debug_bounds_check~debug_dualview_modify_check~deprecated_code~examples~explicit_instantiation~hpx~hpx_async_dispatch~hwloc~ipo~memkind~numactl~openmp~openmptarget~pic+profiling~profiling_load_print~pthread~qthread~rocm+serial+shared~sycl~tests~tuning~wrapper build_type=RelWithDebInfo intel_gpu_arch=none std=14 arch=linux-ubuntu22.04-haswell ^krb5@1.19.3%gcc@11.2.0+shared arch=linux-ubuntu22.04-haswell ^libedit@3.1-20210216%gcc@11.2.0 arch=linux-ubuntu22.04-haswell ^libevent@2.1.12%gcc@11.2.0+openssl arch=linux-ubuntu22.04-haswell ^libiconv@1.16%gcc@11.2.0 libs=shared,static arch=linux-ubuntu22.04-haswell ^libpciaccess@0.16%gcc@11.2.0 arch=linux-ubuntu22.04-haswell ^libsigsegv@2.13%gcc@11.2.0 arch=linux-ubuntu22.04-haswell ^libtool@2.4.7%gcc@11.2.0 arch=linux-ubuntu22.04-haswell ^libxml2@2.9.13%gcc@11.2.0~python arch=linux-ubuntu22.04-haswell ^m4@1.4.19%gcc@11.2.0+sigsegv patches=9dc5fbd,bfdffa7 arch=linux-ubuntu22.04-haswell ^ncurses@6.2%gcc@11.2.0~symlinks+termlib abi=none arch=linux-ubuntu22.04-haswell ^numactl@2.0.14%gcc@11.2.0 patches=4e1d78c,62fc8a8,ff37630 arch=linux-ubuntu22.04-haswell ^openmpi@4.1.4%gcc@11.2.0~atomics~cuda~cxx~cxx_exceptions~gpfs~internal-hwloc~java~legacylaunchers~lustre~memchecker~pmi+romio+rsh~singularity+static+vt+wrapper-rpath fabrics=none schedulers=none arch=linux-ubuntu22.04-haswell ^openssh@9.0p1%gcc@11.2.0+gssapi arch=linux-ubuntu22.04-haswell ^openssl@1.1.1q%gcc@11.2.0~docs~shared certs=mozilla patches=3fdcf2d arch=linux-ubuntu22.04-haswell ^perl@5.34.1%gcc@11.2.0+cpanm+shared+threads arch=linux-ubuntu22.04-haswell ^pigz@2.7%gcc@11.2.0 arch=linux-ubuntu22.04-haswell ^pkgconf@1.8.0%gcc@11.2.0 arch=linux-ubuntu22.04-haswell ^pmix@4.1.2%gcc@11.2.0~docs+pmi_backwards_compatibility~restful arch=linux-ubuntu22.04-haswell ^readline@8.1.2%gcc@11.2.0 arch=linux-ubuntu22.04-haswell ^tar@1.34%gcc@11.2.0 zip=pigz arch=linux-ubuntu22.04-haswell ^util-macros@1.19.3%gcc@11.2.0 arch=linux-ubuntu22.04-haswell ^xz@5.2.5%gcc@11.2.0~pic libs=shared,static arch=linux-ubuntu22.04-haswell ^zlib@1.2.12%gcc@11.2.0+optimize+pic+shared patches=0d38234 arch=linux-ubuntu22.04-haswell ^zstd@1.5.2%gcc@11.2.0+programs compression=none libs=shared,static arch=linux-ubuntu22.04-haswell"
        },
        "ids": {
            "original": "/lfmptw",
            "spliced": "/phio4d"
        },
        "original": [],
        "spliced": [],
        "paths": {
            "loads": {
                "original": [
                    "/spack/opt/spack/linux-ubuntu22.04-haswell/gcc-11.2.0/zstd-1.5.2-nbvfzv7w6wra46fxbdhk5ewgplaxuwqn/lib",
                    "/spack/opt/spack/linux-ubuntu22.04-haswell/gcc-11.2.0/ncurses-6.2-2khyzubbcfupjtbj4nkogd7ebonczczr/lib",
                    "/spack/opt/spack/linux-ubuntu22.04-haswell/gcc-11.2.0/krb5-1.19.3-57axogcymrwq3duzx3djzvgkrjvtggys/lib",
                    "/spack/opt/spack/linux-ubuntu22.04-haswell/gcc-11.2.0/libxml2-2.9.13-7nkjcj7tyvlqw2evbz75lmy3orkmqpmy/lib",
                    "/spack/opt/spack/linux-ubuntu22.04-haswell/gcc-11.2.0/berkeley-db-18.1.40-y3xm2b4wnx2tsoeh4mb3glrv4zzgmt57/lib",
                    "/spack/opt/spack/linux-ubuntu22.04-haswell/gcc-11.2.0/libsigsegv-2.13-aehv7ozpqa464z3v7nj6ugqsj5b2drui/lib",
                    "/spack/opt/spack/linux-ubuntu22.04-haswell/gcc-11.2.0/perl-5.34.1-olweu672du4nrlvjn2shpf62jbgxzzp6/lib",
                    "/spack/opt/spack/linux-ubuntu22.04-haswell/gcc-11.2.0/pkgconf-1.8.0-ruoukh6z67iefyz4cyphkcqaz2g2hx7f/lib",
                    "/spack/opt/spack/linux-ubuntu22.04-haswell/gcc-11.2.0/gettext-0.21-u6wcu25n7tfqtrvnexez66utuydb4smx/lib",
                    "/spack/opt/spack/linux-ubuntu22.04-haswell/gcc-11.2.0/arborx-master-lfmptw6stdljjx2izophogav2vernbql/lib",
                    "/spack/opt/spack/linux-ubuntu22.04-haswell/gcc-11.2.0/gdbm-1.19-wcroyxphbv36i3i7pvflptbcp2fqumx3/lib",
                    "/spack/opt/spack/linux-ubuntu22.04-haswell/gcc-11.2.0/hwloc-2.7.1-jwdfv3i4eksbcwa2fcdfghdqvnpoqvio/lib",
                    "/spack/opt/spack/linux-ubuntu22.04-haswell/gcc-11.2.0/kokkos-3.6.01-4pvfw4g7vshbbjbtmcl2wkipeltrdgwc/lib",
                    "/spack/opt/spack/linux-ubuntu22.04-haswell/gcc-11.2.0/libpciaccess-0.16-phqmqnhv3l3tatyardiximlke3zh7nob/lib",
                    "/spack/opt/spack/linux-ubuntu22.04-haswell/gcc-11.2.0/pmix-4.1.2-abstzmqtaqurdufang4lggg34uoaai47/lib",
                    "/spack/opt/spack/linux-ubuntu22.04-haswell/gcc-11.2.0/xz-5.2.5-ub757pyoqpaurexmrq7oxo7cj35qod2q/lib",
                    "/spack/opt/spack/linux-ubuntu22.04-haswell/gcc-11.2.0/libedit-3.1-20210216-a3x5ccqfantoi5kk32rg2i5qunz6nrwz/lib",
                    "/spack/opt/spack/linux-ubuntu22.04-haswell/gcc-11.2.0/openmpi-4.1.4-lzagutg5azxw24urtuu3kjdpceejs7ut/lib",
                    "/spack/opt/spack/linux-ubuntu22.04-haswell/gcc-11.2.0/libiconv-1.16-nylazfnjil3kyc5wyctes6ttimburge6/lib",
                    "/spack/opt/spack/linux-ubuntu22.04-haswell/gcc-11.2.0/openssl-1.1.1q-gqizvq5o5pipkqv2cxsg3k47lnqi64j3/lib",
                    "/spack/opt/spack/linux-ubuntu22.04-haswell/gcc-11.2.0/libtool-2.4.7-jdikgdyurbyms7qxmoubethxzgncgmo7/lib",
                    "/spack/opt/spack/linux-ubuntu22.04-haswell/gcc-11.2.0/bison-3.8.2-dwn5xzxngajve4b37v4phgytxt34pauo/lib",
                    "/spack/opt/spack/linux-ubuntu22.04-haswell/gcc-11.2.0/bzip2-1.0.8-szccym2boautmkfmh4m2xm2krbftkd2g/lib",
                    "/spack/opt/spack/linux-ubuntu22.04-haswell/gcc-11.2.0/numactl-2.0.14-wb23xyrcrn5rbl6e4w7avvfabg2qh4cj/lib",
                    "/spack/opt/spack/linux-ubuntu22.04-haswell/gcc-11.2.0/libevent-2.1.12-3krvgoaqkkonslm3y6izt3sv2nlh7ryw/lib",
                    "/spack/opt/spack/linux-ubuntu22.04-haswell/gcc-11.2.0/readline-8.1.2-b7aunqqlalfx6dlbtvcqgzcvtcn4ysjk/lib",
                    "/spack/opt/spack/linux-ubuntu22.04-haswell/gcc-11.2.0/zlib-1.2.12-ychk3ix6mv3mgsrtnazfunnmu4vrspkk/lib"
                ],
                "spliced": [
                    "/spack/opt/spack/linux-ubuntu22.04-haswell/gcc-11.2.0/zstd-1.5.2-nbvfzv7w6wra46fxbdhk5ewgplaxuwqn/lib",
                    "/spack/opt/spack/linux-ubuntu22.04-haswell/gcc-11.2.0/ncurses-6.2-2khyzubbcfupjtbj4nkogd7ebonczczr/lib",
                    "/spack/opt/spack/linux-ubuntu22.04-haswell/gcc-11.2.0/gettext-0.21-w6pmxj72zicx3budnznv7d2wlw6gcdxn/lib",
                    "/spack/opt/spack/linux-ubuntu22.04-haswell/gcc-11.2.0/berkeley-db-18.1.40-y3xm2b4wnx2tsoeh4mb3glrv4zzgmt57/lib",
                    "/spack/opt/spack/linux-ubuntu22.04-haswell/gcc-11.2.0/libsigsegv-2.13-aehv7ozpqa464z3v7nj6ugqsj5b2drui/lib",
                    "/spack/opt/spack/linux-ubuntu22.04-haswell/gcc-11.2.0/perl-5.34.1-olweu672du4nrlvjn2shpf62jbgxzzp6/lib",
                    "/spack/opt/spack/linux-ubuntu22.04-haswell/gcc-11.2.0/pkgconf-1.8.0-ruoukh6z67iefyz4cyphkcqaz2g2hx7f/lib",
                    "/spack/opt/spack/linux-ubuntu22.04-haswell/gcc-11.2.0/hwloc-2.7.1-ydycl5gvv2klgfydvzvgfnuplt3sdt4y/lib",
                    "/spack/opt/spack/linux-ubuntu22.04-haswell/gcc-11.2.0/pmix-4.1.2-jvjq3fuvlvbqvfa45yjjuwg22dizforn/lib",
                    "/spack/opt/spack/linux-ubuntu22.04-haswell/gcc-11.2.0/gdbm-1.19-wcroyxphbv36i3i7pvflptbcp2fqumx3/lib",
                    "/spack/opt/spack/linux-ubuntu22.04-haswell/gcc-11.2.0/libevent-2.1.12-ej2os4szmwubckwb22pbqhincnteu2py/lib",
                    "/spack/opt/spack/linux-ubuntu22.04-haswell/gcc-11.2.0/xz-5.2.5-ub757pyoqpaurexmrq7oxo7cj35qod2q/lib",
                    "/spack/opt/spack/linux-ubuntu22.04-haswell/gcc-11.2.0/openmpi-4.1.4-k7maoe2jcg3ck2baue5jsfz6f7rgaslx/lib",
                    "/spack/opt/spack/linux-ubuntu22.04-haswell/gcc-11.2.0/arborx-master-phio4dzk2hyx7p5y2ydu65wc2lxfbald/lib",
                    "/spack/opt/spack/linux-ubuntu22.04-haswell/gcc-11.2.0/libxml2-2.9.13-c7egnqqyqh7wl5l5rg3nbzhdxbuagfff/lib",
                    "/spack/opt/spack/linux-ubuntu22.04-haswell/gcc-11.2.0/libpciaccess-0.16-j6gju762fyujdlttcc5mokfzkfnasfdh/lib",
                    "/spack/opt/spack/linux-ubuntu22.04-haswell/gcc-11.2.0/libiconv-1.16-nylazfnjil3kyc5wyctes6ttimburge6/lib",
                    "/spack/opt/spack/linux-ubuntu22.04-haswell/gcc-11.2.0/openssl-1.1.1q-gqizvq5o5pipkqv2cxsg3k47lnqi64j3/lib",
                    "/spack/opt/spack/linux-ubuntu22.04-haswell/gcc-11.2.0/kokkos-3.4.01-u6vlq2qnqk2kfk23ftkmnaucq3dg24ai/lib",
                    "/spack/opt/spack/linux-ubuntu22.04-haswell/gcc-11.2.0/numactl-2.0.14-vkz5wrisqofpf4x6zgx2xbbzk4ubuhsx/lib",
                    "/spack/opt/spack/linux-ubuntu22.04-haswell/gcc-11.2.0/bzip2-1.0.8-szccym2boautmkfmh4m2xm2krbftkd2g/lib",
                    "/spack/opt/spack/linux-ubuntu22.04-haswell/gcc-11.2.0/bison-3.8.2-fosvium67k3kjwgd5ossvr3nsfub4vse/lib",
                    "/spack/opt/spack/linux-ubuntu22.04-haswell/gcc-11.2.0/libtool-2.4.7-5w6oea5xzjw226m6fjujx2oxcpnfquj5/lib",
                    "/spack/opt/spack/linux-ubuntu22.04-haswell/gcc-11.2.0/readline-8.1.2-b7aunqqlalfx6dlbtvcqgzcvtcn4ysjk/lib",
                    "/spack/opt/spack/linux-ubuntu22.04-haswell/gcc-11.2.0/zlib-1.2.12-ychk3ix6mv3mgsrtnazfunnmu4vrspkk/lib",
                    "/spack/opt/spack/linux-ubuntu22.04-haswell/gcc-11.2.0/krb5-1.19.3-27wr6645askjrwdrr326h6rhpogvcduf/lib",
                    "/spack/opt/spack/linux-ubuntu22.04-haswell/gcc-11.2.0/libedit-3.1-20210216-zfqynyrhskhcfzc5qkbmwkd25u7j5qr2/lib"
                ]
            }
        },
        "predictions": {
            "spack-test": {
                "original": {
                    "message": "==> Spack test ds6t4jjws7i3undcnuhkbh6wqfdg7l24\n==> Testing package arborx-master-lfmptw6\n============================= 1 passed of 1 specs ==============================\n",
                    "return_code": 0,
                    "seconds": 29.860758543014526,
                    "prediction": true,
                    "command": "/spack/bin/spack test run /lfmptw"
                },
                "spliced": {
                    "message": "==> Spack test ws4ybvn2ireij5sl2jwozzr6rnnmx4b2\n==> Testing package arborx-master-phio4dz\n==> Error: TestFailure: 2 tests failed.\n\n\nCommand exited with status 2:\n    '/usr/bin/make'\n[ 12%] Building CXX object access_traits/CMakeFiles/ArborX_HostAccessTraits.exe.dir/example_host_access_traits.cpp.o\nIn file included from /spack/opt/spack/linux-ubuntu22.04-haswell/gcc-11.2.0/arborx-master-phio4dzk2hyx7p5y2ydu65wc2lxfbald/include/ArborX/ArborX_LinearBVH.hpp:17,\n                 from /spack/opt/spack/linux-ubuntu22.04-haswell/gcc-11.2.0/arborx-master-phio4dzk2hyx7p5y2ydu65wc2lxfbald/include/ArborX/details/ArborX_DetailsDistributedTreeImpl.hpp:22,\n                 from /spack/opt/spack/linux-ubuntu22.04-haswell/gcc-11.2.0/arborx-master-phio4dzk2hyx7p5y2ydu65wc2lxfbald/include/ArborX/ArborX_DistributedTree.hpp:16,\n                 from /spack/opt/spack/linux-ubuntu22.04-haswell/gcc-11.2.0/arborx-master-phio4dzk2hyx7p5y2ydu65wc2lxfbald/include/ArborX/ArborX.hpp:19,\n                 from /cache/spack/test/ws4ybvn2ireij5sl2jwozzr6rnnmx4b2/arborx-master-phio4dz/cache/arborx/examples/access_traits/example_host_access_traits.cpp:12:\n/spack/opt/spack/linux-ubuntu22.04-haswell/gcc-11.2.0/arborx-master-phio4dzk2hyx7p5y2ydu65wc2lxfbald/include/ArborX/details/ArborX_Callbacks.hpp:17:10: fatal error: Kokkos_DetectionIdiom.hpp: No such file or directory\n   17 | #include <Kokkos_DetectionIdiom.hpp>\n      |          ^~~~~~~~~~~~~~~~~~~~~~~~~~~\ncompilation terminated.\nmake[2]: *** [access_traits/CMakeFiles/ArborX_HostAccessTraits.exe.dir/build.make:76: access_traits/CMakeFiles/ArborX_HostAccessTraits.exe.dir/example_host_access_traits.cpp.o] Error 1\nmake[1]: *** [CMakeFiles/Makefile2:152: access_traits/CMakeFiles/ArborX_HostAccessTraits.exe.dir/all] Error 2\nmake: *** [Makefile:101: all] Error 2\n\n\n\n1 error found in test log:\n     41    /spack/opt/spack/linux-ubuntu22.04-haswell/gcc-11.2.0/arborx-master-\n           phio4dzk2hyx7p5y2ydu65wc2lxfbald/include/ArborX/details/ArborX_Callb\n           acks.hpp:17:10: fatal error: Kokkos_DetectionIdiom.hpp: No such file\n            or directory\n     42       17 | #include <Kokkos_DetectionIdiom.hpp>\n     43          |          ^~~~~~~~~~~~~~~~~~~~~~~~~~~\n     44    compilation terminated.\n     45    make[2]: *** [access_traits/CMakeFiles/ArborX_HostAccessTraits.exe.d\n           ir/build.make:76: access_traits/CMakeFiles/ArborX_HostAccessTraits.e\n           xe.dir/example_host_access_traits.cpp.o] Error 1\n     46    make[1]: *** [CMakeFiles/Makefile2:152: access_traits/CMakeFiles/Arb\n           orX_HostAccessTraits.exe.dir/all] Error 2\n  >> 47    make: *** [Makefile:101: all] Error 2\n     48    \n     49      File \"/spack/bin/spack\", line 98, in <module>\n\n\n\nCommand exited with status 8:\n    '/usr/local/bin/ctest' '-V'\nUpdateCTestConfiguration  from :/cache/spack/test/ws4ybvn2ireij5sl2jwozzr6rnnmx4b2/arborx-master-phio4dz/cache/arborx/examples/DartConfiguration.tcl\nUpdateCTestConfiguration  from :/cache/spack/test/ws4ybvn2ireij5sl2jwozzr6rnnmx4b2/arborx-master-phio4dz/cache/arborx/examples/DartConfiguration.tcl\nTest project /cache/spack/test/ws4ybvn2ireij5sl2jwozzr6rnnmx4b2/arborx-master-phio4dz/cache/arborx/examples\nConstructing a list of tests\nDone constructing a list of tests\nUpdating test list for fixtures\nAdded 0 tests to meet fixture requirements\nChecking test dependency graph...\nChecking test dependency graph end\ntest 1\n    Start 1: ArborX_HostAccessTraits_Example\nCould not find executable ./ArborX_HostAccessTraits.exe\nLooked in the following places:\n./ArborX_HostAccessTraits.exe\n./ArborX_HostAccessTraits.exe\n./Release/ArborX_HostAccessTraits.exe\n./Release/ArborX_HostAccessTraits.exe\n./Debug/ArborX_HostAccessTraits.exe\n./Debug/ArborX_HostAccessTraits.exe\n./MinSizeRel/ArborX_HostAccessTraits.exe\n./MinSizeRel/ArborX_HostAccessTraits.exe\n./RelWithDebInfo/ArborX_HostAccessTraits.exe\n./RelWithDebInfo/ArborX_HostAccessTraits.exe\n./Deployment/ArborX_HostAccessTraits.exe\n./Deployment/ArborX_HostAccessTraits.exe\n./Development/ArborX_HostAccessTraits.exe\n./Development/ArborX_HostAccessTraits.exe\n\n1: Test command: \n1/4 Test #1: ArborX_HostAccessTraits_Example ....***Not Run   0.00 sec\ntest 2\n    Start 2: ArborX_Callback_Example\nCould not find executable ./ArborX_Callback.exe\nLooked in the following places:\n./ArborX_Callback.exe\n./ArborX_Callback.exe\n./Release/ArborX_Callback.exe\n./Release/ArborX_Callback.exe\n./Debug/ArborX_Callback.exe\n./Debug/ArborX_Callback.exe\n./MinSizeRel/ArborX_Callback.exe\n./MinSizeRel/ArborX_Callback.exe\n./RelWithDebInfo/ArborX_Callback.exe\n./RelWithDebInfo/ArborX_Callback.exe\n./Deployment/ArborX_Callback.exe\n./Deployment/ArborX_Callback.exe\n./Development/ArborX_Callback.exe\n./Development/ArborX_Callback.exe\n\n2: Test command: \n2/4 Test #2: ArborX_Callback_Example ............***Not Run   0.00 sec\ntest 3\n    Start 3: ArborX_Intersection_Example\nCould not find executable ./ArborX_Intersection.exe\nLooked in the following places:\n./ArborX_Intersection.exe\n./ArborX_Intersection.exe\n./Release/ArborX_Intersection.exe\n./Release/ArborX_Intersection.exe\n./Debug/ArborX_Intersection.exe\n./Debug/ArborX_Intersection.exe\n./MinSizeRel/ArborX_Intersection.exe\n./MinSizeRel/ArborX_Intersection.exe\n./RelWithDebInfo/ArborX_Intersection.exe\n./RelWithDebInfo/ArborX_Intersection.exe\n./Deployment/ArborX_Intersection.exe\n./Deployment/ArborX_Intersection.exe\n./Development/ArborX_Intersection.exe\n./Development/ArborX_Intersection.exe\n\n3: Test command: \n3/4 Test #3: ArborX_Intersection_Example ........***Not Run   0.00 sec\ntest 4\n    Start 4: ArborX_MolecularDynamics_Example\nCould not find executable ./ArborX_MolecularDynamics.exe\nLooked in the following places:\n./ArborX_MolecularDynamics.exe\n./ArborX_MolecularDynamics.exe\n./Release/ArborX_MolecularDynamics.exe\n./Release/ArborX_MolecularDynamics.exe\n./Debug/ArborX_MolecularDynamics.exe\n./Debug/ArborX_MolecularDynamics.exe\n./MinSizeRel/ArborX_MolecularDynamics.exe\n./MinSizeRel/ArborX_MolecularDynamics.exe\n./RelWithDebInfo/ArborX_MolecularDynamics.exe\n./RelWithDebInfo/ArborX_MolecularDynamics.exe\n./Deployment/ArborX_MolecularDynamics.exe\n./Deployment/ArborX_MolecularDynamics.exe\n./Development/ArborX_MolecularDynamics.exe\n./Development/ArborX_MolecularDynamics.exe\n\n4: Test command: \n4/4 Test #4: ArborX_MolecularDynamics_Example ...***Not Run   0.00 sec\n\n0% tests passed, 4 tests failed out of 4\n\nTotal Test time (real) =   0.00 sec\n\nThe following tests FAILED:\n\t  1 - ArborX_HostAccessTraits_Example (Not Run)\n\t  2 - ArborX_Callback_Example (Not Run)\n\t  3 - ArborX_Intersection_Example (Not Run)\n\t  4 - ArborX_MolecularDynamics_Example (Not Run)\nUnable to find executable: ./ArborX_HostAccessTraits.exe\nUnable to find executable: ./ArborX_Callback.exe\nUnable to find executable: ./ArborX_Intersection.exe\nUnable to find executable: ./ArborX_MolecularDynamics.exe\nErrors while running CTest\nOutput from these tests are in: /cache/spack/test/ws4ybvn2ireij5sl2jwozzr6rnnmx4b2/arborx-master-phio4dz/cache/arborx/examples/Testing/Temporary/LastTest.log\nUse \"--rerun-failed --output-on-failure\" to re-run the failed cases verbosely.\n\n\n\n1 error found in test log:\n     197    Unable to find executable: ./ArborX_Callback.exe\n     198    Unable to find executable: ./ArborX_Intersection.exe\n     199    Unable to find executable: ./ArborX_MolecularDynamics.exe\n     200    Errors while running CTest\n     201    Output from these tests are in: /cache/spack/test/ws4ybvn2ireij5sl2\n            jwozzr6rnnmx4b2/arborx-master-phio4dz/cache/arborx/examples/Testing\n            /Temporary/LastTest.log\n     202    Use \"--rerun-failed --output-on-failure\" to re-run the failed cases\n             verbosely.\n  >> 203    FAILED: Command exited with status 8:\n\n\n\n/spack/lib/spack/spack/build_environment.py:1076, in _setup_pkg_and_run:\n       1073        tb_string = traceback.format_exc()\n       1074\n       1075        # build up some context from the offending package so we can\n  >>   1076        # show that, too.\n       1077        package_context = get_package_context(tb)\n       1078\n       1079        logfile = None\n\nSee test log for details:\n  /cache/spack/test/ws4ybvn2ireij5sl2jwozzr6rnnmx4b2/arborx-master-phio4dz-test-out.txt\n\n==> Error: 1 test(s) in the suite failed.\n\n======================== 1 failed, 0 passed of 1 specs =========================\n",
                    "return_code": 1,
                    "seconds": 1.9428222179412842,
                    "prediction": false,
                    "command": "/spack/bin/spack test run /phio4d"
                }
            }
        },
        "stats": {
            "sizes_bytes": {}
        },
        "experiment": "arborx",
        "result": "splice-success",
        "success": true,
        "splice": "kokkos@3.4.01",
        "package": "arborx@master",
        "different_libs": false
    }
]